<?xml version="1.0" encoding="UTF-8"?>
<!-- Generated by org.testng.reporters.JUnitReportReporter -->
<testsuite hostname="VITRAMYAK" name="com.specomm.adidas.executionflow.RegisteredLoginUserFlow" tests="1" failures="0" timestamp="28 Aug 2015 11:11:48 GMT" time="36.016" errors="0">
  <testcase name="checkoutAsloginUser" time="36.016" classname="com.specomm.adidas.executionflow.RegisteredLoginUserFlow"/>
</testsuite> <!-- com.specomm.adidas.executionflow.RegisteredLoginUserFlow -->
