<?xml version="1.0" encoding="UTF-8"?>
<!-- Generated by org.testng.reporters.JUnitReportReporter -->
<testsuite hostname="VITRAMYAK" name="com.specomm.adidas.loginflow.InvalidUserName" tests="1" failures="0" timestamp="23 Sep 2015 07:19:55 GMT" time="10.597" errors="0">
  <testcase name="invalidUserName" time="10.597" classname="com.specomm.adidas.loginflow.InvalidUserName"/>
</testsuite> <!-- com.specomm.adidas.loginflow.InvalidUserName -->
