<?xml version="1.0" encoding="UTF-8"?>
<!-- Generated by org.testng.reporters.JUnitReportReporter -->
<testsuite skipped="0" hostname="GOT500VI73546" name="com.volvo.psr.test.TestSavedTestProReports" tests="1" failures="0" timestamp="10 Jan 2019 10:42:47 GMT" time="67.799" errors="0">
  <testcase name="testProReport" time="67.799" classname="com.volvo.psr.test.TestSavedTestProReports"/>
</testsuite> <!-- com.volvo.psr.test.TestSavedTestProReports -->
