<?xml version="1.0" encoding="UTF-8"?>
<!-- Generated by org.testng.reporters.JUnitReportReporter -->
<testsuite hostname="VITRAMYAK" name="com.specomm.adidas.search.ValidSearchFlow" tests="1" failures="0" timestamp="23 Sep 2015 12:01:10 GMT" time="7.279" errors="0">
  <testcase name="searchProduct" time="7.279" classname="com.specomm.adidas.search.ValidSearchFlow"/>
</testsuite> <!-- com.specomm.adidas.search.ValidSearchFlow -->
