<?xml version="1.0" encoding="UTF-8"?>
<!-- Generated by org.testng.reporters.JUnitReportReporter -->
<testsuite hostname="VITRAMYAK" name="com.specomm.adidas.executionflow.RegisteredUserLoginFlow" tests="1" failures="0" timestamp="26 Aug 2015 10:39:33 GMT" time="11.519" errors="0">
  <testcase name="loginAsRegisteredUser" time="11.519" classname="com.specomm.adidas.executionflow.RegisteredUserLoginFlow"/>
</testsuite> <!-- com.specomm.adidas.executionflow.RegisteredUserLoginFlow -->
