<?xml version="1.0" encoding="UTF-8"?>
<!-- Generated by org.testng.reporters.JUnitReportReporter -->
<testsuite hostname="VITRAMYAK" name="Sampletest" tests="1" failures="0" timestamp="12 Sep 2015 19:34:23 GMT" time="0.024" errors="0">
  <testcase name="testMethod" time="0.024" classname="Sampletest"/>
</testsuite> <!-- Sampletest -->
