<?xml version="1.0" encoding="UTF-8"?>
<!-- Generated by org.testng.reporters.JUnitReportReporter -->
<testsuite hostname="VITRAMYAK" name="com.specomm.adidas.loginflow.InvalidPassword" tests="1" failures="0" timestamp="23 Sep 2015 07:19:55 GMT" time="8.381" errors="0">
  <testcase name="invalidPassword" time="8.381" classname="com.specomm.adidas.loginflow.InvalidPassword"/>
</testsuite> <!-- com.specomm.adidas.loginflow.InvalidPassword -->
