<?xml version="1.0" encoding="UTF-8"?>
<!-- Generated by org.testng.reporters.JUnitReportReporter -->
<testsuite hostname="VITRAMYAK" name="com.specomm.adidas.executionflow.LoginCheckoutFlow" tests="3" failures="0" timestamp="8 Sep 2015 11:53:03 GMT" time="92.557" errors="0">
  <testcase name="checkoutAsloginUser" time="55.734" classname="com.specomm.adidas.executionflow.LoginCheckoutFlow"/>
  <testcase name="shipDetails" time="12.263" classname="com.specomm.adidas.executionflow.LoginCheckoutFlow"/>
  <testcase name="PaymentDetails" time="24.560" classname="com.specomm.adidas.executionflow.LoginCheckoutFlow"/>
</testsuite> <!-- com.specomm.adidas.executionflow.LoginCheckoutFlow -->
