<?xml version="1.0" encoding="UTF-8"?>
<!-- Generated by org.testng.reporters.JUnitReportReporter -->
<testsuite hostname="VITRAMYAK" name="com.specomm.adidas.executionflow.LoginFlow" tests="1" failures="0" timestamp="25 Aug 2015 12:20:13 GMT" time="0.010" errors="0">
  <testcase name="loginAsRegisteredUserAndCheckOut" time="0.010" classname="com.specomm.adidas.executionflow.LoginFlow"/>
</testsuite> <!-- com.specomm.adidas.executionflow.LoginFlow -->
