<?xml version="1.0" encoding="UTF-8"?>
<!-- Generated by org.testng.reporters.JUnitReportReporter -->
<testsuite hostname="VITRAMYAK" name="com.specomm.adidas.pricevalidation.PriceValidation" tests="1" failures="0" timestamp="22 Aug 2016 07:40:14 GMT" time="1096.254" errors="0">
  <testcase name="priceValidate" time="1096.254" classname="com.specomm.adidas.pricevalidation.PriceValidation"/>
</testsuite> <!-- com.specomm.adidas.pricevalidation.PriceValidation -->
