<?xml version="1.0" encoding="UTF-8"?>
<!-- Generated by org.testng.reporters.JUnitReportReporter -->
<testsuite hostname="VITRAMYAK" name="BillPaymentTest" tests="1" failures="0" timestamp="21 Apr 2016 08:42:51 GMT" time="73.721" errors="0">
  <testcase name="billPayTest" time="73.721" classname="BillPaymentTest"/>
</testsuite> <!-- BillPaymentTest -->
