<?xml version="1.0" encoding="UTF-8"?>
<!-- Generated by org.testng.reporters.JUnitReportReporter -->
<testsuite skipped="0" hostname="GOT500VI73397" name="com.volvo.eDrive.test.SessionReportValidate" tests="1" failures="0" timestamp="21 Jan 2019 11:07:04 GMT" time="0.000" errors="1">
  <testcase name="addproject_Session_Report" time="0.000" classname="com.volvo.eDrive.test.SessionReportValidate">
    <error type="org.testng.TestNGException" message="
Method public void com.volvo.eDrive.test.SessionReportValidate.addproject_Session_Report(java.util.LinkedHashMap) requires a @DataProvider named : TestSessionDataProvider">
      <![CDATA[org.testng.TestNGException: 
Method public void com.volvo.eDrive.test.SessionReportValidate.addproject_Session_Report(java.util.LinkedHashMap) requires a @DataProvider named : TestSessionDataProvider
at org.testng.internal.Parameters.findDataProvider(Parameters.java:513)
at org.testng.internal.Parameters.handleParameters(Parameters.java:691)
at org.testng.internal.ParameterHandler.handleParameters(ParameterHandler.java:49)
at org.testng.internal.ParameterHandler.createParameters(ParameterHandler.java:37)
at org.testng.internal.Invoker.invokeTestMethods(Invoker.java:923)
at org.testng.internal.TestMethodWorker.invokeTestMethods(TestMethodWorker.java:125)
at org.testng.internal.TestMethodWorker.run(TestMethodWorker.java:109)
at org.testng.TestRunner.privateRun(TestRunner.java:648)
at org.testng.TestRunner.run(TestRunner.java:505)
at org.testng.SuiteRunner.runTest(SuiteRunner.java:455)
at org.testng.SuiteRunner.access$000(SuiteRunner.java:40)
at org.testng.SuiteRunner$SuiteWorker.run(SuiteRunner.java:489)
at org.testng.internal.thread.ThreadUtil$1.call(ThreadUtil.java:52)
at java.util.concurrent.FutureTask.run(Unknown Source)
at java.util.concurrent.ThreadPoolExecutor.runWorker(Unknown Source)
at java.util.concurrent.ThreadPoolExecutor$Worker.run(Unknown Source)
at java.lang.Thread.run(Unknown Source)
]]>
    </error>
  </testcase> <!-- addproject_Session_Report -->
</testsuite> <!-- com.volvo.eDrive.test.SessionReportValidate -->
