<?xml version="1.0" encoding="UTF-8"?>
<!-- Generated by org.testng.reporters.JUnitReportReporter -->
<testsuite skipped="0" hostname="GOT500VI73546" name="com.volvo.BMS.test.TestValidaddproject" tests="1" failures="0" timestamp="20 Feb 2019 07:36:16 GMT" time="40.741" errors="0">
  <testcase name="BMS_Homepage" time="40.741" classname="com.volvo.BMS.test.TestValidaddproject"/>
</testsuite> <!-- com.volvo.BMS.test.TestValidaddproject -->
