<?xml version="1.0" encoding="UTF-8"?>
<!-- Generated by org.testng.reporters.JUnitReportReporter -->
<testsuite skipped="0" hostname="GOT500VI73397" name="com.volvo.eDrive.test.TestValidaddproject" tests="1" failures="0" timestamp="06 Feb 2019 07:02:09 GMT" time="0.159" errors="0">
  <testcase name="Open_Report" time="0.159" classname="com.volvo.eDrive.test.TestValidaddproject"/>
</testsuite> <!-- com.volvo.eDrive.test.TestValidaddproject -->
