<?xml version="1.0" encoding="UTF-8"?>
<!-- Generated by org.testng.reporters.JUnitReportReporter -->
<testsuite skipped="0" hostname="GOT500VI73546" name="com.volvo.mfg.StepDefinition.DriverSuite" tests="1" failures="0" timestamp="24 Oct 2018 08:51:50 GMT" time="1073.911" errors="0">
  <testcase name="AGV_ASSIGNMENTLIST_DELIVERY" time="1073.911" classname="com.volvo.mfg.StepDefinition.DriverSuite"/>
</testsuite> <!-- com.volvo.mfg.StepDefinition.DriverSuite -->
