<?xml version="1.0" encoding="UTF-8"?>
<!-- Generated by org.testng.reporters.JUnitReportReporter -->
<testsuite skipped="0" hostname="GOT500VI73546" name="com.volvo.mfg.StepDefinition.DriverSuite" tests="8" failures="0" timestamp="24 Oct 2018 06:43:48 GMT" time="531.478" errors="2">
  <testcase name="CONTROL_PARAMETER" time="150.100" classname="com.volvo.mfg.StepDefinition.DriverSuite"/>
  <testcase name="ADMIN_MANAGEALARMS" time="9.054" classname="com.volvo.mfg.StepDefinition.DriverSuite"/>
  <testcase name="TUGGER" time="149.583" classname="com.volvo.mfg.StepDefinition.DriverSuite">
    <error type="java.lang.StackOverflowError">
      <![CDATA[java.lang.StackOverflowErrorat java.security.AccessController.doPrivileged(Native Method)at org.apache.commons.logging.LogFactory.getContextClassLoaderInternal(LogFactory.java:808)at org.apache.commons.logging.LogFactory.getFactory(LogFactory.java:419)at org.apache.commons.logging.LogFactory.getLog(LogFactory.java:655)at org.apache.http.impl.conn.DefaultHttpResponseParser.<init>(DefaultHttpResponseParser.java:59)at org.apache.http.impl.conn.DefaultHttpResponseParserFactory.create(DefaultHttpResponseParserFactory.java:76)at org.apache.http.impl.DefaultBHttpClientConnection.<init>(DefaultBHttpClientConnection.java:99)at org.apache.http.impl.conn.DefaultManagedHttpClientConnection.<init>(DefaultManagedHttpClientConnection.java:74)at org.apache.http.impl.conn.LoggingManagedHttpClientConnection.<init>(LoggingManagedHttpClientConnection.java:66)at org.apache.http.impl.conn.ManagedHttpClientConnectionFactory.create(ManagedHttpClientConnectionFactory.java:127)at org.apache.http.impl.conn.ManagedHttpClientConnectionFactory.create(ManagedHttpClientConnectionFactory.java:57)at org.apache.http.impl.conn.PoolingHttpClientConnectionManager$InternalConnectionFactory.create(PoolingHttpClientConnectionManager.java:605)at org.apache.http.impl.conn.PoolingHttpClientConnectionManager$InternalConnectionFactory.create(PoolingHttpClientConnectionManager.java:576)at org.apache.http.pool.AbstractConnPool.getPoolEntryBlocking(AbstractConnPool.java:360)at org.apache.http.pool.AbstractConnPool.access$200(AbstractConnPool.java:67)at org.apache.http.pool.AbstractConnPool$2.get(AbstractConnPool.java:243)at org.apache.http.pool.AbstractConnPool$2.get(AbstractConnPool.java:191)at org.apache.http.impl.conn.PoolingHttpClientConnectionManager.leaseConnection(PoolingHttpClientConnectionManager.java:282)at org.apache.http.impl.conn.PoolingHttpClientConnectionManager$1.get(PoolingHttpClientConnectionManager.java:269)at org.apache.http.impl.execchain.MainClientExec.execute(MainClientExec.java:191)at org.apache.http.impl.execchain.ProtocolExec.execute(ProtocolExec.java:185)at org.apache.http.impl.execchain.RetryExec.execute(RetryExec.java:89)at org.apache.http.impl.execchain.RedirectExec.execute(RedirectExec.java:111)at org.apache.http.impl.client.InternalHttpClient.doExecute(InternalHttpClient.java:185)at org.apache.http.impl.client.CloseableHttpClient.execute(CloseableHttpClient.java:72)at org.apache.http.impl.client.CloseableHttpClient.execute(CloseableHttpClient.java:56)at org.openqa.selenium.remote.internal.ApacheHttpClient.fallBackExecute(ApacheHttpClient.java:138)at org.openqa.selenium.remote.internal.ApacheHttpClient.execute(ApacheHttpClient.java:86)at org.openqa.selenium.remote.HttpCommandExecutor.execute(HttpCommandExecutor.java:161)at org.openqa.selenium.remote.service.DriverCommandExecutor.execute(DriverCommandExecutor.java:83)at org.openqa.selenium.remote.RemoteWebDriver.execute(RemoteWebDriver.java:601)at org.openqa.selenium.remote.RemoteWebDriver.execute(RemoteWebDriver.java:658)at org.openqa.selenium.remote.RemoteWebDriver.getScreenshotAs(RemoteWebDriver.java:343)at com.volvo.automation.commonutilities.CommonWrapperMethods.takeSnap(CommonWrapperMethods.java:861)at com.volvo.reports.Reports.reportStep(Reports.java:80)at com.volvo.automation.commonutilities.CommonWrapperMethods.takeSnap(CommonWrapperMethods.java:866)at com.volvo.reports.Reports.reportStep(Reports.java:80)at com.volvo.automation.commonutilities.CommonWrapperMethods.takeSnap(CommonWrapperMethods.java:866)at com.volvo.reports.Reports.reportStep(Reports.java:80)at com.volvo.automation.commonutilities.CommonWrapperMethods.takeSnap(CommonWrapperMethods.java:866)at com.volvo.reports.Reports.reportStep(Reports.java:80)at com.volvo.automation.commonutilities.CommonWrapperMethods.takeSnap(CommonWrapperMethods.java:866)at com.volvo.reports.Reports.reportStep(Reports.java:80)at com.volvo.automation.commonutilities.CommonWrapperMethods.takeSnap(CommonWrapperMethods.java:866)at com.volvo.reports.Reports.reportStep(Reports.java:80)at com.volvo.automation.commonutilities.CommonWrapperMethods.takeSnap(CommonWrapperMethods.java:866)at com.volvo.reports.Reports.reportStep(Reports.java:80)at com.volvo.automation.commonutilities.CommonWrapperMethods.takeSnap(CommonWrapperMethods.java:866)at com.volvo.reports.Reports.reportStep(Reports.java:80)at com.volvo.automation.commonutilities.CommonWrapperMethods.takeSnap(CommonWrapperMethods.java:866)at com.volvo.reports.Reports.reportStep(Reports.java:80)at com.volvo.automation.commonutilities.CommonWrapperMethods.takeSnap(CommonWrapperMethods.java:866)at com.volvo.reports.Reports.reportStep(Reports.java:80)at com.volvo.automation.commonutilities.CommonWrapperMethods.takeSnap(CommonWrapperMethods.java:866)at com.volvo.reports.Reports.reportStep(Reports.java:80)at com.volvo.automation.commonutilities.CommonWrapperMethods.takeSnap(CommonWrapperMethods.java:866)at com.volvo.reports.Reports.reportStep(Reports.java:80)at com.volvo.automation.commonutilities.CommonWrapperMethods.takeSnap(CommonWrapperMethods.java:866)at com.volvo.reports.Reports.reportStep(Reports.java:80)at com.volvo.automation.commonutilities.CommonWrapperMethods.takeSnap(CommonWrapperMethods.java:866)at com.volvo.reports.Reports.reportStep(Reports.java:80)at com.volvo.automation.commonutilities.CommonWrapperMethods.takeSnap(CommonWrapperMethods.java:866)at com.volvo.reports.Reports.reportStep(Reports.java:80)at com.volvo.automation.commonutilities.CommonWrapperMethods.takeSnap(CommonWrapperMethods.java:866)at com.volvo.reports.Reports.reportStep(Reports.java:80)at com.volvo.automation.commonutilities.CommonWrapperMethods.takeSnap(CommonWrapperMethods.java:866)at com.volvo.reports.Reports.reportStep(Reports.java:80)at com.volvo.automation.commonutilities.CommonWrapperMethods.takeSnap(CommonWrapperMethods.java:866)at com.volvo.reports.Reports.reportStep(Reports.java:80)at com.volvo.automation.commonutilities.CommonWrapperMethods.takeSnap(CommonWrapperMethods.java:866)at com.volvo.reports.Reports.reportStep(Reports.java:80)at com.volvo.automation.commonutilities.CommonWrapperMethods.takeSnap(CommonWrapperMethods.java:866)at com.volvo.reports.Reports.reportStep(Reports.java:80)at com.volvo.automation.commonutilities.CommonWrapperMethods.takeSnap(CommonWrapperMethods.java:866)at com.volvo.reports.Reports.reportStep(Reports.java:80)at com.volvo.automation.commonutilities.CommonWrapperMethods.takeSnap(CommonWrapperMethods.java:866)at com.volvo.reports.Reports.reportStep(Reports.java:80)at com.volvo.automation.commonutilities.CommonWrapperMethods.takeSnap(CommonWrapperMethods.java:866)at com.volvo.reports.Reports.reportStep(Reports.java:80)at com.volvo.automation.commonutilities.CommonWrapperMethods.takeSnap(CommonWrapperMethods.java:866)at com.volvo.reports.Reports.reportStep(Reports.java:80)at com.volvo.automation.commonutilities.CommonWrapperMethods.takeSnap(CommonWrapperMethods.java:866)at com.volvo.reports.Reports.reportStep(Reports.java:80)at com.volvo.automation.commonutilities.CommonWrapperMethods.takeSnap(CommonWrapperMethods.java:866)at com.volvo.reports.Reports.reportStep(Reports.java:80)at com.volvo.automation.commonutilities.CommonWrapperMethods.takeSnap(CommonWrapperMethods.java:866)at com.volvo.reports.Reports.reportStep(Reports.java:80)at com.volvo.automation.commonutilities.CommonWrapperMethods.takeSnap(CommonWrapperMethods.java:866)at com.volvo.reports.Reports.reportStep(Reports.java:80)at com.volvo.automation.commonutilities.CommonWrapperMethods.takeSnap(CommonWrapperMethods.java:866)at com.volvo.reports.Reports.reportStep(Reports.java:80)at com.volvo.automation.commonutilities.CommonWrapperMethods.takeSnap(CommonWrapperMethods.java:866)at com.volvo.reports.Reports.reportStep(Reports.java:80)at com.volvo.automation.commonutilities.CommonWrapperMethods.takeSnap(CommonWrapperMethods.java:866)at com.volvo.reports.Reports.reportStep(Reports.java:80)at com.volvo.automation.commonutilities.CommonWrapperMethods.takeSnap(CommonWrapperMethods.java:866)at com.volvo.reports.Reports.reportStep(Reports.java:80)at com.volvo.automation.commonutilities.CommonWrapperMethods.takeSnap(CommonWrapperMethods.java:866)at com.volvo.reports.Reports.reportStep(Reports.java:80)at com.volvo.automation.commonutilities.CommonWrapperMethods.takeSnap(CommonWrapperMethods.java:866)at com.volvo.reports.Reports.reportStep(Reports.java:80)at com.volvo.automation.commonutilities.CommonWrapperMethods.takeSnap(CommonWrapperMethods.java:866)at com.volvo.reports.Reports.reportStep(Reports.java:80)at com.volvo.automation.commonutilities.CommonWrapperMethods.takeSnap(CommonWrapperMethods.java:866)at com.volvo.reports.Reports.reportStep(Reports.java:80)at com.volvo.automation.commonutilities.CommonWrapperMethods.takeSnap(CommonWrapperMethods.java:866)at com.volvo.reports.Reports.reportStep(Reports.java:80)at com.volvo.automation.commonutilities.CommonWrapperMethods.takeSnap(CommonWrapperMethods.java:866)at com.volvo.reports.Reports.reportStep(Reports.java:80)at com.volvo.automation.commonutilities.CommonWrapperMethods.takeSnap(CommonWrapperMethods.java:866)at com.volvo.reports.Reports.reportStep(Reports.java:80)at com.volvo.automation.commonutilities.CommonWrapperMethods.takeSnap(CommonWrapperMethods.java:866)at com.volvo.reports.Reports.reportStep(Reports.java:80)at com.volvo.automation.commonutilities.CommonWrapperMethods.takeSnap(CommonWrapperMethods.java:866)at com.volvo.reports.Reports.reportStep(Reports.java:80)at com.volvo.automation.commonutilities.CommonWrapperMethods.takeSnap(CommonWrapperMethods.java:866)at com.volvo.reports.Reports.reportStep(Reports.java:80)at com.volvo.automation.commonutilities.CommonWrapperMethods.takeSnap(CommonWrapperMethods.java:866)at com.volvo.reports.Reports.reportStep(Reports.java:80)at com.volvo.automation.commonutilities.CommonWrapperMethods.takeSnap(CommonWrapperMethods.java:866)at com.volvo.reports.Reports.reportStep(Reports.java:80)at com.volvo.automation.commonutilities.CommonWrapperMethods.takeSnap(CommonWrapperMethods.java:866)at com.volvo.reports.Reports.reportStep(Reports.java:80)at com.volvo.automation.commonutilities.CommonWrapperMethods.takeSnap(CommonWrapperMethods.java:866)at com.volvo.reports.Reports.reportStep(Reports.java:80)at com.volvo.automation.commonutilities.CommonWrapperMethods.takeSnap(CommonWrapperMethods.java:866)at com.volvo.reports.Reports.reportStep(Reports.java:80)at com.volvo.automation.commonutilities.CommonWrapperMethods.takeSnap(CommonWrapperMethods.java:866)at com.volvo.reports.Reports.reportStep(Reports.java:80)at com.volvo.automation.commonutilities.CommonWrapperMethods.takeSnap(CommonWrapperMethods.java:866)at com.volvo.reports.Reports.reportStep(Reports.java:80)at com.volvo.automation.commonutilities.CommonWrapperMethods.takeSnap(CommonWrapperMethods.java:866)at com.volvo.reports.Reports.reportStep(Reports.java:80)at com.volvo.automation.commonutilities.CommonWrapperMethods.takeSnap(CommonWrapperMethods.java:866)at com.volvo.reports.Reports.reportStep(Reports.java:80)at com.volvo.automation.commonutilities.CommonWrapperMethods.takeSnap(CommonWrapperMethods.java:866)at com.volvo.reports.Reports.reportStep(Reports.java:80)at com.volvo.automation.commonutilities.CommonWrapperMethods.takeSnap(CommonWrapperMethods.java:866)at com.volvo.reports.Reports.reportStep(Reports.java:80)at com.volvo.automation.commonutilities.CommonWrapperMethods.takeSnap(CommonWrapperMethods.java:866)at com.volvo.reports.Reports.reportStep(Reports.java:80)at com.volvo.automation.commonutilities.CommonWrapperMethods.takeSnap(CommonWrapperMethods.java:866)at com.volvo.reports.Reports.reportStep(Reports.java:80)at com.volvo.automation.commonutilities.CommonWrapperMethods.takeSnap(CommonWrapperMethods.java:866)at com.volvo.reports.Reports.reportStep(Reports.java:80)at com.volvo.automation.commonutilities.CommonWrapperMethods.takeSnap(CommonWrapperMethods.java:866)at com.volvo.reports.Reports.reportStep(Reports.java:80)at com.volvo.automation.commonutilities.CommonWrapperMethods.takeSnap(CommonWrapperMethods.java:866)at com.volvo.reports.Reports.reportStep(Reports.java:80)at com.volvo.automation.commonutilities.CommonWrapperMethods.takeSnap(CommonWrapperMethods.java:866)at com.volvo.reports.Reports.reportStep(Reports.java:80)at com.volvo.automation.commonutilities.CommonWrapperMethods.takeSnap(CommonWrapperMethods.java:866)at com.volvo.reports.Reports.reportStep(Reports.java:80)at com.volvo.automation.commonutilities.CommonWrapperMethods.takeSnap(CommonWrapperMethods.java:866)at com.volvo.reports.Reports.reportStep(Reports.java:80)at com.volvo.automation.commonutilities.CommonWrapperMethods.takeSnap(CommonWrapperMethods.java:866)at com.volvo.reports.Reports.reportStep(Reports.java:80)at com.volvo.automation.commonutilities.CommonWrapperMethods.takeSnap(CommonWrapperMethods.java:866)at com.volvo.reports.Reports.reportStep(Reports.java:80)at com.volvo.automation.commonutilities.CommonWrapperMethods.takeSnap(CommonWrapperMethods.java:866)at com.volvo.reports.Reports.reportStep(Reports.java:80)at com.volvo.automation.commonutilities.CommonWrapperMethods.takeSnap(CommonWrapperMethods.java:866)at com.volvo.reports.Reports.reportStep(Reports.java:80)at com.volvo.automation.commonutilities.CommonWrapperMethods.takeSnap(CommonWrapperMethods.java:866)at com.volvo.reports.Reports.reportStep(Reports.java:80)at com.volvo.automation.commonutilities.CommonWrapperMethods.takeSnap(CommonWrapperMethods.java:866)at com.volvo.reports.Reports.reportStep(Reports.java:80)at com.volvo.automation.commonutilities.CommonWrapperMethods.takeSnap(CommonWrapperMethods.java:866)at com.volvo.reports.Reports.reportStep(Reports.java:80)at com.volvo.automation.commonutilities.CommonWrapperMethods.takeSnap(CommonWrapperMethods.java:866)at com.volvo.reports.Reports.reportStep(Reports.java:80)at com.volvo.automation.commonutilities.CommonWrapperMethods.takeSnap(CommonWrapperMethods.java:866)at com.volvo.reports.Reports.reportStep(Reports.java:80)at com.volvo.automation.commonutilities.CommonWrapperMethods.takeSnap(CommonWrapperMethods.java:866)at com.volvo.reports.Reports.reportStep(Reports.java:80)at com.volvo.automation.commonutilities.CommonWrapperMethods.takeSnap(CommonWrapperMethods.java:866)at com.volvo.reports.Reports.reportStep(Reports.java:80)at com.volvo.automation.commonutilities.CommonWrapperMethods.takeSnap(CommonWrapperMethods.java:866)at com.volvo.reports.Reports.reportStep(Reports.java:80)at com.volvo.automation.commonutilities.CommonWrapperMethods.takeSnap(CommonWrapperMethods.java:866)at com.volvo.reports.Reports.reportStep(Reports.java:80)at com.volvo.automation.commonutilities.CommonWrapperMethods.takeSnap(CommonWrapperMethods.java:866)at com.volvo.reports.Reports.reportStep(Reports.java:80)at com.volvo.automation.commonutilities.CommonWrapperMethods.takeSnap(CommonWrapperMethods.java:866)at com.volvo.reports.Reports.reportStep(Reports.java:80)at com.volvo.automation.commonutilities.CommonWrapperMethods.takeSnap(CommonWrapperMethods.java:866)at com.volvo.reports.Reports.reportStep(Reports.java:80)at com.volvo.automation.commonutilities.CommonWrapperMethods.takeSnap(CommonWrapperMethods.java:866)at com.volvo.reports.Reports.reportStep(Reports.java:80)at com.volvo.automation.commonutilities.CommonWrapperMethods.takeSnap(CommonWrapperMethods.java:866)at com.volvo.reports.Reports.reportStep(Reports.java:80)at com.volvo.automation.commonutilities.CommonWrapperMethods.takeSnap(CommonWrapperMethods.java:866)at com.volvo.reports.Reports.reportStep(Reports.java:80)at com.volvo.automation.commonutilities.CommonWrapperMethods.takeSnap(CommonWrapperMethods.java:866)at com.volvo.reports.Reports.reportStep(Reports.java:80)at com.volvo.automation.commonutilities.CommonWrapperMethods.takeSnap(CommonWrapperMethods.java:866)at com.volvo.reports.Reports.reportStep(Reports.java:80)at com.volvo.automation.commonutilities.CommonWrapperMethods.takeSnap(CommonWrapperMethods.java:866)at com.volvo.reports.Reports.reportStep(Reports.java:80)at com.volvo.automation.commonutilities.CommonWrapperMethods.takeSnap(CommonWrapperMethods.java:866)at com.volvo.reports.Reports.reportStep(Reports.java:80)at com.volvo.automation.commonutilities.CommonWrapperMethods.takeSnap(CommonWrapperMethods.java:866)at com.volvo.reports.Reports.reportStep(Reports.java:80)at com.volvo.automation.commonutilities.CommonWrapperMethods.takeSnap(CommonWrapperMethods.java:866)at com.volvo.reports.Reports.reportStep(Reports.java:80)at com.volvo.automation.commonutilities.CommonWrapperMethods.takeSnap(CommonWrapperMethods.java:866)at com.volvo.reports.Reports.reportStep(Reports.java:80)at com.volvo.automation.commonutilities.CommonWrapperMethods.takeSnap(CommonWrapperMethods.java:866)at com.volvo.reports.Reports.reportStep(Reports.java:80)at com.volvo.automation.commonutilities.CommonWrapperMethods.takeSnap(CommonWrapperMethods.java:866)at com.volvo.reports.Reports.reportStep(Reports.java:80)at com.volvo.automation.commonutilities.CommonWrapperMethods.takeSnap(CommonWrapperMethods.java:866)at com.volvo.reports.Reports.reportStep(Reports.java:80)at com.volvo.automation.commonutilities.CommonWrapperMethods.takeSnap(CommonWrapperMethods.java:866)at com.volvo.reports.Reports.reportStep(Reports.java:80)at com.volvo.automation.commonutilities.CommonWrapperMethods.takeSnap(CommonWrapperMethods.java:866)at com.volvo.reports.Reports.reportStep(Reports.java:80)at com.volvo.automation.commonutilities.CommonWrapperMethods.takeSnap(CommonWrapperMethods.java:866)at com.volvo.reports.Reports.reportStep(Reports.java:80)at com.volvo.automation.commonutilities.CommonWrapperMethods.takeSnap(CommonWrapperMethods.java:866)at com.volvo.reports.Reports.reportStep(Reports.java:80)at com.volvo.automation.commonutilities.CommonWrapperMethods.takeSnap(CommonWrapperMethods.java:866)at com.volvo.reports.Reports.reportStep(Reports.java:80)at com.volvo.automation.commonutilities.CommonWrapperMethods.takeSnap(CommonWrapperMethods.java:866)at com.volvo.reports.Reports.reportStep(Reports.java:80)at com.volvo.automation.commonutilities.CommonWrapperMethods.takeSnap(CommonWrapperMethods.java:866)at com.volvo.reports.Reports.reportStep(Reports.java:80)at com.volvo.automation.commonutilities.CommonWrapperMethods.takeSnap(CommonWrapperMethods.java:866)at com.volvo.reports.Reports.reportStep(Reports.java:80)at com.volvo.automation.commonutilities.CommonWrapperMethods.takeSnap(CommonWrapperMethods.java:866)at com.volvo.reports.Reports.reportStep(Reports.java:80)at com.volvo.automation.commonutilities.CommonWrapperMethods.takeSnap(CommonWrapperMethods.java:866)at com.volvo.reports.Reports.reportStep(Reports.java:80)at com.volvo.automation.commonutilities.CommonWrapperMethods.takeSnap(CommonWrapperMethods.java:866)at com.volvo.reports.Reports.reportStep(Reports.java:80)at com.volvo.automation.commonutilities.CommonWrapperMethods.takeSnap(CommonWrapperMethods.java:866)at com.volvo.reports.Reports.reportStep(Reports.java:80)at com.volvo.automation.commonutilities.CommonWrapperMethods.takeSnap(CommonWrapperMethods.java:866)at com.volvo.reports.Reports.reportStep(Reports.java:80)at com.volvo.automation.commonutilities.CommonWrapperMethods.takeSnap(CommonWrapperMethods.java:866)at com.volvo.reports.Reports.reportStep(Reports.java:80)at com.volvo.automation.commonutilities.CommonWrapperMethods.takeSnap(CommonWrapperMethods.java:866)at com.volvo.reports.Reports.reportStep(Reports.java:80)at com.volvo.automation.commonutilities.CommonWrapperMethods.takeSnap(CommonWrapperMethods.java:866)at com.volvo.reports.Reports.reportStep(Reports.java:80)at com.volvo.automation.commonutilities.CommonWrapperMethods.takeSnap(CommonWrapperMethods.java:866)at com.volvo.reports.Reports.reportStep(Reports.java:80)at com.volvo.automation.commonutilities.CommonWrapperMethods.takeSnap(CommonWrapperMethods.java:866)at com.volvo.reports.Reports.reportStep(Reports.java:80)at com.volvo.automation.commonutilities.CommonWrapperMethods.takeSnap(CommonWrapperMethods.java:866)at com.volvo.reports.Reports.reportStep(Reports.java:80)at com.volvo.automation.commonutilities.CommonWrapperMethods.takeSnap(CommonWrapperMethods.java:866)at com.volvo.reports.Reports.reportStep(Reports.java:80)at com.volvo.automation.commonutilities.CommonWrapperMethods.takeSnap(CommonWrapperMethods.java:866)at com.volvo.reports.Reports.reportStep(Reports.java:80)at com.volvo.automation.commonutilities.CommonWrapperMethods.takeSnap(CommonWrapperMethods.java:866)at com.volvo.reports.Reports.reportStep(Reports.java:80)at com.volvo.automation.commonutilities.CommonWrapperMethods.takeSnap(CommonWrapperMethods.java:866)at com.volvo.reports.Reports.reportStep(Reports.java:80)at com.volvo.automation.commonutilities.CommonWrapperMethods.takeSnap(CommonWrapperMethods.java:866)at com.volvo.reports.Reports.reportStep(Reports.java:80)at com.volvo.automation.commonutilities.CommonWrapperMethods.takeSnap(CommonWrapperMethods.java:866)at com.volvo.reports.Reports.reportStep(Reports.java:80)at com.volvo.automation.commonutilities.CommonWrapperMethods.takeSnap(CommonWrapperMethods.java:866)at com.volvo.reports.Reports.reportStep(Reports.java:80)at com.volvo.automation.commonutilities.CommonWrapperMethods.takeSnap(CommonWrapperMethods.java:866)at com.volvo.reports.Reports.reportStep(Reports.java:80)at com.volvo.automation.commonutilities.CommonWrapperMethods.takeSnap(CommonWrapperMethods.java:866)at com.volvo.reports.Reports.reportStep(Reports.java:80)at com.volvo.automation.commonutilities.CommonWrapperMethods.takeSnap(CommonWrapperMethods.java:866)at com.volvo.reports.Reports.reportStep(Reports.java:80)at com.volvo.automation.commonutilities.CommonWrapperMethods.takeSnap(CommonWrapperMethods.java:866)at com.volvo.reports.Reports.reportStep(Reports.java:80)at com.volvo.automation.commonutilities.CommonWrapperMethods.takeSnap(CommonWrapperMethods.java:866)at com.volvo.reports.Reports.reportStep(Reports.java:80)at com.volvo.automation.commonutilities.CommonWrapperMethods.takeSnap(CommonWrapperMethods.java:866)at com.volvo.reports.Reports.reportStep(Reports.java:80)at com.volvo.automation.commonutilities.CommonWrapperMethods.takeSnap(CommonWrapperMethods.java:866)at com.volvo.reports.Reports.reportStep(Reports.java:80)at com.volvo.automation.commonutilities.CommonWrapperMethods.takeSnap(CommonWrapperMethods.java:866)at com.volvo.reports.Reports.reportStep(Reports.java:80)at com.volvo.automation.commonutilities.CommonWrapperMethods.takeSnap(CommonWrapperMethods.java:866)at com.volvo.reports.Reports.reportStep(Reports.java:80)at com.volvo.automation.commonutilities.CommonWrapperMethods.takeSnap(CommonWrapperMethods.java:866)at com.volvo.reports.Reports.reportStep(Reports.java:80)at com.volvo.automation.commonutilities.CommonWrapperMethods.takeSnap(CommonWrapperMethods.java:866)at com.volvo.reports.Reports.reportStep(Reports.java:80)at com.volvo.automation.commonutilities.CommonWrapperMethods.takeSnap(CommonWrapperMethods.java:866)at com.volvo.reports.Reports.reportStep(Reports.java:80)at com.volvo.automation.commonutilities.CommonWrapperMethods.takeSnap(CommonWrapperMethods.java:866)at com.volvo.reports.Reports.reportStep(Reports.java:80)at com.volvo.automation.commonutilities.CommonWrapperMethods.takeSnap(CommonWrapperMethods.java:866)at com.volvo.reports.Reports.reportStep(Reports.java:80)at com.volvo.automation.commonutilities.CommonWrapperMethods.takeSnap(CommonWrapperMethods.java:866)at com.volvo.reports.Reports.reportStep(Reports.java:80)at com.volvo.automation.commonutilities.CommonWrapperMethods.takeSnap(CommonWrapperMethods.java:866)at com.volvo.reports.Reports.reportStep(Reports.java:80)at com.volvo.automation.commonutilities.CommonWrapperMethods.takeSnap(CommonWrapperMethods.java:866)at com.volvo.reports.Reports.reportStep(Reports.java:80)at com.volvo.automation.commonutilities.CommonWrapperMethods.takeSnap(CommonWrapperMethods.java:866)at com.volvo.reports.Reports.reportStep(Reports.java:80)at com.volvo.automation.commonutilities.CommonWrapperMethods.takeSnap(CommonWrapperMethods.java:866)at com.volvo.reports.Reports.reportStep(Reports.java:80)at com.volvo.automation.commonutilities.CommonWrapperMethods.takeSnap(CommonWrapperMethods.java:866)at com.volvo.reports.Reports.reportStep(Reports.java:80)at com.volvo.automation.commonutilities.CommonWrapperMethods.takeSnap(CommonWrapperMethods.java:866)at com.volvo.reports.Reports.reportStep(Reports.java:80)at com.volvo.automation.commonutilities.CommonWrapperMethods.takeSnap(CommonWrapperMethods.java:866)at com.volvo.reports.Reports.reportStep(Reports.java:80)at com.volvo.automation.commonutilities.CommonWrapperMethods.takeSnap(CommonWrapperMethods.java:866)at com.volvo.reports.Reports.reportStep(Reports.java:80)at com.volvo.automation.commonutilities.CommonWrapperMethods.takeSnap(CommonWrapperMethods.java:866)at com.volvo.reports.Reports.reportStep(Reports.java:80)at com.volvo.automation.commonutilities.CommonWrapperMethods.takeSnap(CommonWrapperMethods.java:866)at com.volvo.reports.Reports.reportStep(Reports.java:80)at com.volvo.automation.commonutilities.CommonWrapperMethods.takeSnap(CommonWrapperMethods.java:866)at com.volvo.reports.Reports.reportStep(Reports.java:80)at com.volvo.automation.commonutilities.CommonWrapperMethods.takeSnap(CommonWrapperMethods.java:866)at com.volvo.reports.Reports.reportStep(Reports.java:80)at com.volvo.automation.commonutilities.CommonWrapperMethods.takeSnap(CommonWrapperMethods.java:866)at com.volvo.reports.Reports.reportStep(Reports.java:80)at com.volvo.automation.commonutilities.CommonWrapperMethods.takeSnap(CommonWrapperMethods.java:866)at com.volvo.reports.Reports.reportStep(Reports.java:80)at com.volvo.automation.commonutilities.CommonWrapperMethods.takeSnap(CommonWrapperMethods.java:866)at com.volvo.reports.Reports.reportStep(Reports.java:80)at com.volvo.automation.commonutilities.CommonWrapperMethods.takeSnap(CommonWrapperMethods.java:866)at com.volvo.reports.Reports.reportStep(Reports.java:80)at com.volvo.automation.commonutilities.CommonWrapperMethods.takeSnap(CommonWrapperMethods.java:866)at com.volvo.reports.Reports.reportStep(Reports.java:80)at com.volvo.automation.commonutilities.CommonWrapperMethods.takeSnap(CommonWrapperMethods.java:866)at com.volvo.reports.Reports.reportStep(Reports.java:80)at com.volvo.automation.commonutilities.CommonWrapperMethods.takeSnap(CommonWrapperMethods.java:866)at com.volvo.reports.Reports.reportStep(Reports.java:80)at com.volvo.automation.commonutilities.CommonWrapperMethods.takeSnap(CommonWrapperMethods.java:866)at com.volvo.reports.Reports.reportStep(Reports.java:80)at com.volvo.automation.commonutilities.CommonWrapperMethods.takeSnap(CommonWrapperMethods.java:866)at com.volvo.reports.Reports.reportStep(Reports.java:80)at com.volvo.automation.commonutilities.CommonWrapperMethods.takeSnap(CommonWrapperMethods.java:866)at com.volvo.reports.Reports.reportStep(Reports.java:80)at com.volvo.automation.commonutilities.CommonWrapperMethods.takeSnap(CommonWrapperMethods.java:866)at com.volvo.reports.Reports.reportStep(Reports.java:80)at com.volvo.automation.commonutilities.CommonWrapperMethods.takeSnap(CommonWrapperMethods.java:866)at com.volvo.reports.Reports.reportStep(Reports.java:80)at com.volvo.automation.commonutilities.CommonWrapperMethods.takeSnap(CommonWrapperMethods.java:866)at com.volvo.reports.Reports.reportStep(Reports.java:80)at com.volvo.automation.commonutilities.CommonWrapperMethods.takeSnap(CommonWrapperMethods.java:866)at com.volvo.reports.Reports.reportStep(Reports.java:80)at com.volvo.automation.commonutilities.CommonWrapperMethods.takeSnap(CommonWrapperMethods.java:866)at com.volvo.reports.Reports.reportStep(Reports.java:80)at com.volvo.automation.commonutilities.CommonWrapperMethods.takeSnap(CommonWrapperMethods.java:866)at com.volvo.reports.Reports.reportStep(Reports.java:80)at com.volvo.automation.commonutilities.CommonWrapperMethods.takeSnap(CommonWrapperMethods.java:866)at com.volvo.reports.Reports.reportStep(Reports.java:80)at com.volvo.automation.commonutilities.CommonWrapperMethods.takeSnap(CommonWrapperMethods.java:866)at com.volvo.reports.Reports.reportStep(Reports.java:80)at com.volvo.automation.commonutilities.CommonWrapperMethods.takeSnap(CommonWrapperMethods.java:866)at com.volvo.reports.Reports.reportStep(Reports.java:80)at com.volvo.automation.commonutilities.CommonWrapperMethods.takeSnap(CommonWrapperMethods.java:866)at com.volvo.reports.Reports.reportStep(Reports.java:80)at com.volvo.automation.commonutilities.CommonWrapperMethods.takeSnap(CommonWrapperMethods.java:866)at com.volvo.reports.Reports.reportStep(Reports.java:80)at com.volvo.automation.commonutilities.CommonWrapperMethods.takeSnap(CommonWrapperMethods.java:866)at com.volvo.reports.Reports.reportStep(Reports.java:80)at com.volvo.automation.commonutilities.CommonWrapperMethods.takeSnap(CommonWrapperMethods.java:866)at com.volvo.reports.Reports.reportStep(Reports.java:80)at com.volvo.automation.commonutilities.CommonWrapperMethods.takeSnap(CommonWrapperMethods.java:866)at com.volvo.reports.Reports.reportStep(Reports.java:80)at com.volvo.automation.commonutilities.CommonWrapperMethods.takeSnap(CommonWrapperMethods.java:866)at com.volvo.reports.Reports.reportStep(Reports.java:80)at com.volvo.automation.commonutilities.CommonWrapperMethods.takeSnap(CommonWrapperMethods.java:866)at com.volvo.reports.Reports.reportStep(Reports.java:80)at com.volvo.automation.commonutilities.CommonWrapperMethods.takeSnap(CommonWrapperMethods.java:866)at com.volvo.reports.Reports.reportStep(Reports.java:80)at com.volvo.automation.commonutilities.CommonWrapperMethods.takeSnap(CommonWrapperMethods.java:866)at com.volvo.reports.Reports.reportStep(Reports.java:80)at com.volvo.automation.commonutilities.CommonWrapperMethods.takeSnap(CommonWrapperMethods.java:866)at com.volvo.reports.Reports.reportStep(Reports.java:80)at com.volvo.automation.commonutilities.CommonWrapperMethods.takeSnap(CommonWrapperMethods.java:866)at com.volvo.reports.Reports.reportStep(Reports.java:80)at com.volvo.automation.commonutilities.CommonWrapperMethods.takeSnap(CommonWrapperMethods.java:866)at com.volvo.reports.Reports.reportStep(Reports.java:80)at com.volvo.automation.commonutilities.CommonWrapperMethods.takeSnap(CommonWrapperMethods.java:866)at com.volvo.reports.Reports.reportStep(Reports.java:80)at com.volvo.automation.commonutilities.CommonWrapperMethods.takeSnap(CommonWrapperMethods.java:866)at com.volvo.reports.Reports.reportStep(Reports.java:80)at com.volvo.automation.commonutilities.CommonWrapperMethods.takeSnap(CommonWrapperMethods.java:866)at com.volvo.reports.Reports.reportStep(Reports.java:80)at com.volvo.automation.commonutilities.CommonWrapperMethods.takeSnap(CommonWrapperMethods.java:866)at com.volvo.reports.Reports.reportStep(Reports.java:80)at com.volvo.automation.commonutilities.CommonWrapperMethods.takeSnap(CommonWrapperMethods.java:866)at com.volvo.reports.Reports.reportStep(Reports.java:80)at com.volvo.automation.commonutilities.CommonWrapperMethods.takeSnap(CommonWrapperMethods.java:866)at com.volvo.reports.Reports.reportStep(Reports.java:80)at com.volvo.automation.commonutilities.CommonWrapperMethods.takeSnap(CommonWrapperMethods.java:866)at com.volvo.reports.Reports.reportStep(Reports.java:80)at com.volvo.automation.commonutilities.CommonWrapperMethods.takeSnap(CommonWrapperMethods.java:866)at com.volvo.reports.Reports.reportStep(Reports.java:80)at com.volvo.automation.commonutilities.CommonWrapperMethods.takeSnap(CommonWrapperMethods.java:866)at com.volvo.reports.Reports.reportStep(Reports.java:80)at com.volvo.automation.commonutilities.CommonWrapperMethods.takeSnap(CommonWrapperMethods.java:866)at com.volvo.reports.Reports.reportStep(Reports.java:80)at com.volvo.automation.commonutilities.CommonWrapperMethods.takeSnap(CommonWrapperMethods.java:866)at com.volvo.reports.Reports.reportStep(Reports.java:80)at com.volvo.automation.commonutilities.CommonWrapperMethods.takeSnap(CommonWrapperMethods.java:866)at com.volvo.reports.Reports.reportStep(Reports.java:80)at com.volvo.automation.commonutilities.CommonWrapperMethods.takeSnap(CommonWrapperMethods.java:866)at com.volvo.reports.Reports.reportStep(Reports.java:80)at com.volvo.automation.commonutilities.CommonWrapperMethods.takeSnap(CommonWrapperMethods.java:866)at com.volvo.reports.Reports.reportStep(Reports.java:80)at com.volvo.automation.commonutilities.CommonWrapperMethods.takeSnap(CommonWrapperMethods.java:866)at com.volvo.reports.Reports.reportStep(Reports.java:80)at com.volvo.automation.commonutilities.CommonWrapperMethods.takeSnap(CommonWrapperMethods.java:866)at com.volvo.reports.Reports.reportStep(Reports.java:80)at com.volvo.automation.commonutilities.CommonWrapperMethods.takeSnap(CommonWrapperMethods.java:866)at com.volvo.reports.Reports.reportStep(Reports.java:80)at com.volvo.automation.commonutilities.CommonWrapperMethods.takeSnap(CommonWrapperMethods.java:866)at com.volvo.reports.Reports.reportStep(Reports.java:80)at com.volvo.automation.commonutilities.CommonWrapperMethods.takeSnap(CommonWrapperMethods.java:866)at com.volvo.reports.Reports.reportStep(Reports.java:80)at com.volvo.automation.commonutilities.CommonWrapperMethods.takeSnap(CommonWrapperMethods.java:866)at com.volvo.reports.Reports.reportStep(Reports.java:80)at com.volvo.automation.commonutilities.CommonWrapperMethods.takeSnap(CommonWrapperMethods.java:866)at com.volvo.reports.Reports.reportStep(Reports.java:80)at com.volvo.automation.commonutilities.CommonWrapperMethods.takeSnap(CommonWrapperMethods.java:866)at com.volvo.reports.Reports.reportStep(Reports.java:80)at com.volvo.automation.commonutilities.CommonWrapperMethods.takeSnap(CommonWrapperMethods.java:866)at com.volvo.reports.Reports.reportStep(Reports.java:80)at com.volvo.automation.commonutilities.CommonWrapperMethods.takeSnap(CommonWrapperMethods.java:866)at com.volvo.reports.Reports.reportStep(Reports.java:80)at com.volvo.automation.commonutilities.CommonWrapperMethods.takeSnap(CommonWrapperMethods.java:866)at com.volvo.reports.Reports.reportStep(Reports.java:80)at com.volvo.automation.commonutilities.CommonWrapperMethods.takeSnap(CommonWrapperMethods.java:866)at com.volvo.reports.Reports.reportStep(Reports.java:80)at com.volvo.automation.commonutilities.CommonWrapperMethods.takeSnap(CommonWrapperMethods.java:866)at com.volvo.reports.Reports.reportStep(Reports.java:80)at com.volvo.automation.commonutilities.CommonWrapperMethods.takeSnap(CommonWrapperMethods.java:866)at com.volvo.reports.Reports.reportStep(Reports.java:80)at com.volvo.automation.commonutilities.CommonWrapperMethods.takeSnap(CommonWrapperMethods.java:866)at com.volvo.reports.Reports.reportStep(Reports.java:80)at com.volvo.automation.commonutilities.CommonWrapperMethods.takeSnap(CommonWrapperMethods.java:866)at com.volvo.reports.Reports.reportStep(Reports.java:80)at com.volvo.automation.commonutilities.CommonWrapperMethods.takeSnap(CommonWrapperMethods.java:866)at com.volvo.reports.Reports.reportStep(Reports.java:80)at com.volvo.automation.commonutilities.CommonWrapperMethods.takeSnap(CommonWrapperMethods.java:866)at com.volvo.reports.Reports.reportStep(Reports.java:80)at com.volvo.automation.commonutilities.CommonWrapperMethods.takeSnap(CommonWrapperMethods.java:866)at com.volvo.reports.Reports.reportStep(Reports.java:80)at com.volvo.automation.commonutilities.CommonWrapperMethods.takeSnap(CommonWrapperMethods.java:866)at com.volvo.reports.Reports.reportStep(Reports.java:80)at com.volvo.automation.commonutilities.CommonWrapperMethods.takeSnap(CommonWrapperMethods.java:866)at com.volvo.reports.Reports.reportStep(Reports.java:80)at com.volvo.automation.commonutilities.CommonWrapperMethods.takeSnap(CommonWrapperMethods.java:866)at com.volvo.reports.Reports.reportStep(Reports.java:80)at com.volvo.automation.commonutilities.CommonWrapperMethods.takeSnap(CommonWrapperMethods.java:866)at com.volvo.reports.Reports.reportStep(Reports.java:80)at com.volvo.automation.commonutilities.CommonWrapperMethods.takeSnap(CommonWrapperMethods.java:866)at com.volvo.reports.Reports.reportStep(Reports.java:80)at com.volvo.automation.commonutilities.CommonWrapperMethods.takeSnap(CommonWrapperMethods.java:866)at com.volvo.reports.Reports.reportStep(Reports.java:80)at com.volvo.automation.commonutilities.CommonWrapperMethods.takeSnap(CommonWrapperMethods.java:866)at com.volvo.reports.Reports.reportStep(Reports.java:80)at com.volvo.automation.commonutilities.CommonWrapperMethods.takeSnap(CommonWrapperMethods.java:866)at com.volvo.reports.Reports.reportStep(Reports.java:80)at com.volvo.automation.commonutilities.CommonWrapperMethods.takeSnap(CommonWrapperMethods.java:866)at com.volvo.reports.Reports.reportStep(Reports.java:80)at com.volvo.automation.commonutilities.CommonWrapperMethods.takeSnap(CommonWrapperMethods.java:866)at com.volvo.reports.Reports.reportStep(Reports.java:80)at com.volvo.automation.commonutilities.CommonWrapperMethods.takeSnap(CommonWrapperMethods.java:866)at com.volvo.reports.Reports.reportStep(Reports.java:80)at com.volvo.automation.commonutilities.CommonWrapperMethods.takeSnap(CommonWrapperMethods.java:866)at com.volvo.reports.Reports.reportStep(Reports.java:80)at com.volvo.automation.commonutilities.CommonWrapperMethods.takeSnap(CommonWrapperMethods.java:866)at com.volvo.reports.Reports.reportStep(Reports.java:80)at com.volvo.automation.commonutilities.CommonWrapperMethods.takeSnap(CommonWrapperMethods.java:866)at com.volvo.reports.Reports.reportStep(Reports.java:80)at com.volvo.automation.commonutilities.CommonWrapperMethods.takeSnap(CommonWrapperMethods.java:866)at com.volvo.reports.Reports.reportStep(Reports.java:80)at com.volvo.automation.commonutilities.CommonWrapperMethods.takeSnap(CommonWrapperMethods.java:866)at com.volvo.reports.Reports.reportStep(Reports.java:80)at com.volvo.automation.commonutilities.CommonWrapperMethods.takeSnap(CommonWrapperMethods.java:866)at com.volvo.reports.Reports.reportStep(Reports.java:80)at com.volvo.automation.commonutilities.CommonWrapperMethods.takeSnap(CommonWrapperMethods.java:866)at com.volvo.reports.Reports.reportStep(Reports.java:80)at com.volvo.automation.commonutilities.CommonWrapperMethods.takeSnap(CommonWrapperMethods.java:866)at com.volvo.reports.Reports.reportStep(Reports.java:80)at com.volvo.automation.commonutilities.CommonWrapperMethods.takeSnap(CommonWrapperMethods.java:866)at com.volvo.reports.Reports.reportStep(Reports.java:80)at com.volvo.automation.commonutilities.CommonWrapperMethods.takeSnap(CommonWrapperMethods.java:866)at com.volvo.reports.Reports.reportStep(Reports.java:80)at com.volvo.automation.commonutilities.CommonWrapperMethods.takeSnap(CommonWrapperMethods.java:866)at com.volvo.reports.Reports.reportStep(Reports.java:80)at com.volvo.automation.commonutilities.CommonWrapperMethods.takeSnap(CommonWrapperMethods.java:866)at com.volvo.reports.Reports.reportStep(Reports.java:80)at com.volvo.automation.commonutilities.CommonWrapperMethods.takeSnap(CommonWrapperMethods.java:866)at com.volvo.reports.Reports.reportStep(Reports.java:80)at com.volvo.automation.commonutilities.CommonWrapperMethods.takeSnap(CommonWrapperMethods.java:866)at com.volvo.reports.Reports.reportStep(Reports.java:80)at com.volvo.automation.commonutilities.CommonWrapperMethods.takeSnap(CommonWrapperMethods.java:866)at com.volvo.reports.Reports.reportStep(Reports.java:80)at com.volvo.automation.commonutilities.CommonWrapperMethods.takeSnap(CommonWrapperMethods.java:866)at com.volvo.reports.Reports.reportStep(Reports.java:80)at com.volvo.automation.commonutilities.CommonWrapperMethods.takeSnap(CommonWrapperMethods.java:866)at com.volvo.reports.Reports.reportStep(Reports.java:80)at com.volvo.automation.commonutilities.CommonWrapperMethods.takeSnap(CommonWrapperMethods.java:866)at com.volvo.reports.Reports.reportStep(Reports.java:80)at com.volvo.automation.commonutilities.CommonWrapperMethods.takeSnap(CommonWrapperMethods.java:866)at com.volvo.reports.Reports.reportStep(Reports.java:80)at com.volvo.automation.commonutilities.CommonWrapperMethods.takeSnap(CommonWrapperMethods.java:866)at com.volvo.reports.Reports.reportStep(Reports.java:80)at com.volvo.automation.commonutilities.CommonWrapperMethods.takeSnap(CommonWrapperMethods.java:866)at com.volvo.reports.Reports.reportStep(Reports.java:80)at com.volvo.automation.commonutilities.CommonWrapperMethods.takeSnap(CommonWrapperMethods.java:866)at com.volvo.reports.Reports.reportStep(Reports.java:80)at com.volvo.automation.commonutilities.CommonWrapperMethods.takeSnap(CommonWrapperMethods.java:866)at com.volvo.reports.Reports.reportStep(Reports.java:80)at com.volvo.automation.commonutilities.CommonWrapperMethods.takeSnap(CommonWrapperMethods.java:866)at com.volvo.reports.Reports.reportStep(Reports.java:80)at com.volvo.automation.commonutilities.CommonWrapperMethods.takeSnap(CommonWrapperMethods.java:866)at com.volvo.reports.Reports.reportStep(Reports.java:80)at com.volvo.automation.commonutilities.CommonWrapperMethods.takeSnap(CommonWrapperMethods.java:866)at com.volvo.reports.Reports.reportStep(Reports.java:80)at com.volvo.automation.commonutilities.CommonWrapperMethods.takeSnap(CommonWrapperMethods.java:866)at com.volvo.reports.Reports.reportStep(Reports.java:80)at com.volvo.automation.commonutilities.CommonWrapperMethods.takeSnap(CommonWrapperMethods.java:866)at com.volvo.reports.Reports.reportStep(Reports.java:80)at com.volvo.automation.commonutilities.CommonWrapperMethods.takeSnap(CommonWrapperMethods.java:866)at com.volvo.reports.Reports.reportStep(Reports.java:80)at com.volvo.automation.commonutilities.CommonWrapperMethods.takeSnap(CommonWrapperMethods.java:866)at com.volvo.reports.Reports.reportStep(Reports.java:80)at com.volvo.automation.commonutilities.CommonWrapperMethods.takeSnap(CommonWrapperMethods.java:866)at com.volvo.reports.Reports.reportStep(Reports.java:80)at com.volvo.automation.commonutilities.CommonWrapperMethods.takeSnap(CommonWrapperMethods.java:866)at com.volvo.reports.Reports.reportStep(Reports.java:80)at com.volvo.automation.commonutilities.CommonWrapperMethods.takeSnap(CommonWrapperMethods.java:866)at com.volvo.reports.Reports.reportStep(Reports.java:80)at com.volvo.automation.commonutilities.CommonWrapperMethods.takeSnap(CommonWrapperMethods.java:866)at com.volvo.reports.Reports.reportStep(Reports.java:80)at com.volvo.automation.commonutilities.CommonWrapperMethods.takeSnap(CommonWrapperMethods.java:866)at com.volvo.reports.Reports.reportStep(Reports.java:80)at com.volvo.automation.commonutilities.CommonWrapperMethods.takeSnap(CommonWrapperMethods.java:866)at com.volvo.reports.Reports.reportStep(Reports.java:80)at com.volvo.automation.commonutilities.CommonWrapperMethods.takeSnap(CommonWrapperMethods.java:866)at com.volvo.reports.Reports.reportStep(Reports.java:80)at com.volvo.automation.commonutilities.CommonWrapperMethods.takeSnap(CommonWrapperMethods.java:866)at com.volvo.reports.Reports.reportStep(Reports.java:80)at com.volvo.automation.commonutilities.CommonWrapperMethods.takeSnap(CommonWrapperMethods.java:866)at com.volvo.reports.Reports.reportStep(Reports.java:80)at com.volvo.automation.commonutilities.CommonWrapperMethods.takeSnap(CommonWrapperMethods.java:866)at com.volvo.reports.Reports.reportStep(Reports.java:80)at com.volvo.automation.commonutilities.CommonWrapperMethods.takeSnap(CommonWrapperMethods.java:866)at com.volvo.reports.Reports.reportStep(Reports.java:80)at com.volvo.automation.commonutilities.CommonWrapperMethods.takeSnap(CommonWrapperMethods.java:866)at com.volvo.reports.Reports.reportStep(Reports.java:80)at com.volvo.automation.commonutilities.CommonWrapperMethods.takeSnap(CommonWrapperMethods.java:866)at com.volvo.reports.Reports.reportStep(Reports.java:80)at com.volvo.automation.commonutilities.CommonWrapperMethods.takeSnap(CommonWrapperMethods.java:866)at com.volvo.reports.Reports.reportStep(Reports.java:80)at com.volvo.automation.commonutilities.CommonWrapperMethods.takeSnap(CommonWrapperMethods.java:866)at com.volvo.reports.Reports.reportStep(Reports.java:80)at com.volvo.automation.commonutilities.CommonWrapperMethods.takeSnap(CommonWrapperMethods.java:866)at com.volvo.reports.Reports.reportStep(Reports.java:80)at com.volvo.automation.commonutilities.CommonWrapperMethods.takeSnap(CommonWrapperMethods.java:866)at com.volvo.reports.Reports.reportStep(Reports.java:80)at com.volvo.automation.commonutilities.CommonWrapperMethods.takeSnap(CommonWrapperMethods.java:866)at com.volvo.reports.Reports.reportStep(Reports.java:80)at com.volvo.automation.commonutilities.CommonWrapperMethods.takeSnap(CommonWrapperMethods.java:866)at com.volvo.reports.Reports.reportStep(Reports.java:80)at com.volvo.automation.commonutilities.CommonWrapperMethods.takeSnap(CommonWrapperMethods.java:866)at com.volvo.reports.Reports.reportStep(Reports.java:80)at com.volvo.automation.commonutilities.CommonWrapperMethods.takeSnap(CommonWrapperMethods.java:866)at com.volvo.reports.Reports.reportStep(Reports.java:80)at com.volvo.automation.commonutilities.CommonWrapperMethods.takeSnap(CommonWrapperMethods.java:866)at com.volvo.reports.Reports.reportStep(Reports.java:80)at com.volvo.automation.commonutilities.CommonWrapperMethods.takeSnap(CommonWrapperMethods.java:866)at com.volvo.reports.Reports.reportStep(Reports.java:80)at com.volvo.automation.commonutilities.CommonWrapperMethods.takeSnap(CommonWrapperMethods.java:866)at com.volvo.reports.Reports.reportStep(Reports.java:80)at com.volvo.automation.commonutilities.CommonWrapperMethods.takeSnap(CommonWrapperMethods.java:866)at com.volvo.reports.Reports.reportStep(Reports.java:80)at com.volvo.automation.commonutilities.CommonWrapperMethods.takeSnap(CommonWrapperMethods.java:866)at com.volvo.reports.Reports.reportStep(Reports.java:80)at com.volvo.automation.commonutilities.CommonWrapperMethods.takeSnap(CommonWrapperMethods.java:866)at com.volvo.reports.Reports.reportStep(Reports.java:80)at com.volvo.automation.commonutilities.CommonWrapperMethods.takeSnap(CommonWrapperMethods.java:866)at com.volvo.reports.Reports.reportStep(Reports.java:80)at com.volvo.automation.commonutilities.CommonWrapperMethods.takeSnap(CommonWrapperMethods.java:866)at com.volvo.reports.Reports.reportStep(Reports.java:80)at com.volvo.automation.commonutilities.CommonWrapperMethods.takeSnap(CommonWrapperMethods.java:866)at com.volvo.reports.Reports.reportStep(Reports.java:80)at com.volvo.automation.commonutilities.CommonWrapperMethods.takeSnap(CommonWrapperMethods.java:866)at com.volvo.reports.Reports.reportStep(Reports.java:80)at com.volvo.automation.commonutilities.CommonWrapperMethods.takeSnap(CommonWrapperMethods.java:866)at com.volvo.reports.Reports.reportStep(Reports.java:80)at com.volvo.automation.commonutilities.CommonWrapperMethods.takeSnap(CommonWrapperMethods.java:866)at com.volvo.reports.Reports.reportStep(Reports.java:80)at com.volvo.automation.commonutilities.CommonWrapperMethods.takeSnap(CommonWrapperMethods.java:866)at com.volvo.reports.Reports.reportStep(Reports.java:80)at com.volvo.automation.commonutilities.CommonWrapperMethods.takeSnap(CommonWrapperMethods.java:866)at com.volvo.reports.Reports.reportStep(Reports.java:80)at com.volvo.automation.commonutilities.CommonWrapperMethods.takeSnap(CommonWrapperMethods.java:866)at com.volvo.reports.Reports.reportStep(Reports.java:80)at com.volvo.automation.commonutilities.CommonWrapperMethods.takeSnap(CommonWrapperMethods.java:866)at com.volvo.reports.Reports.reportStep(Reports.java:80)at com.volvo.automation.commonutilities.CommonWrapperMethods.takeSnap(CommonWrapperMethods.java:866)at com.volvo.reports.Reports.reportStep(Reports.java:80)at com.volvo.automation.commonutilities.CommonWrapperMethods.takeSnap(CommonWrapperMethods.java:866)at com.volvo.reports.Reports.reportStep(Reports.java:80)at com.volvo.automation.commonutilities.CommonWrapperMethods.takeSnap(CommonWrapperMethods.java:866)at com.volvo.reports.Reports.reportStep(Reports.java:80)at com.volvo.automation.commonutilities.CommonWrapperMethods.takeSnap(CommonWrapperMethods.java:866)at com.volvo.reports.Reports.reportStep(Reports.java:80)at com.volvo.automation.commonutilities.CommonWrapperMethods.takeSnap(CommonWrapperMethods.java:866)at com.volvo.reports.Reports.reportStep(Reports.java:80)at com.volvo.automation.commonutilities.CommonWrapperMethods.takeSnap(CommonWrapperMethods.java:866)at com.volvo.reports.Reports.reportStep(Reports.java:80)at com.volvo.automation.commonutilities.CommonWrapperMethods.takeSnap(CommonWrapperMethods.java:866)at com.volvo.reports.Reports.reportStep(Reports.java:80)at com.volvo.automation.commonutilities.CommonWrapperMethods.takeSnap(CommonWrapperMethods.java:866)at com.volvo.reports.Reports.reportStep(Reports.java:80)at com.volvo.automation.commonutilities.CommonWrapperMethods.takeSnap(CommonWrapperMethods.java:866)at com.volvo.reports.Reports.reportStep(Reports.java:80)at com.volvo.automation.commonutilities.CommonWrapperMethods.takeSnap(CommonWrapperMethods.java:866)at com.volvo.reports.Reports.reportStep(Reports.java:80)at com.volvo.automation.commonutilities.CommonWrapperMethods.takeSnap(CommonWrapperMethods.java:866)at com.volvo.reports.Reports.reportStep(Reports.java:80)at com.volvo.automation.commonutilities.CommonWrapperMethods.takeSnap(CommonWrapperMethods.java:866)at com.volvo.reports.Reports.reportStep(Reports.java:80)at com.volvo.automation.commonutilities.CommonWrapperMethods.takeSnap(CommonWrapperMethods.java:866)at com.volvo.reports.Reports.reportStep(Reports.java:80)at com.volvo.automation.commonutilities.CommonWrapperMethods.takeSnap(CommonWrapperMethods.java:866)at com.volvo.reports.Reports.reportStep(Reports.java:80)at com.volvo.automation.commonutilities.CommonWrapperMethods.takeSnap(CommonWrapperMethods.java:866)at com.volvo.reports.Reports.reportStep(Reports.java:80)at com.volvo.automation.commonutilities.CommonWrapperMethods.takeSnap(CommonWrapperMethods.java:866)at com.volvo.reports.Reports.reportStep(Reports.java:80)at com.volvo.automation.commonutilities.CommonWrapperMethods.takeSnap(CommonWrapperMethods.java:866)at com.volvo.reports.Reports.reportStep(Reports.java:80)at com.volvo.automation.commonutilities.CommonWrapperMethods.takeSnap(CommonWrapperMethods.java:866)at com.volvo.reports.Reports.reportStep(Reports.java:80)at com.volvo.automation.commonutilities.CommonWrapperMethods.takeSnap(CommonWrapperMethods.java:866)at com.volvo.reports.Reports.reportStep(Reports.java:80)at com.volvo.automation.commonutilities.CommonWrapperMethods.takeSnap(CommonWrapperMethods.java:866)at com.volvo.reports.Reports.reportStep(Reports.java:80)at com.volvo.automation.commonutilities.CommonWrapperMethods.takeSnap(CommonWrapperMethods.java:866)at com.volvo.reports.Reports.reportStep(Reports.java:80)at com.volvo.automation.commonutilities.CommonWrapperMethods.takeSnap(CommonWrapperMethods.java:866)at com.volvo.reports.Reports.reportStep(Reports.java:80)at com.volvo.automation.commonutilities.CommonWrapperMethods.takeSnap(CommonWrapperMethods.java:866)at com.volvo.reports.Reports.reportStep(Reports.java:80)at com.volvo.automation.commonutilities.CommonWrapperMethods.takeSnap(CommonWrapperMethods.java:866)at com.volvo.reports.Reports.reportStep(Reports.java:80)at com.volvo.automation.commonutilities.CommonWrapperMethods.takeSnap(CommonWrapperMethods.java:866)at com.volvo.reports.Reports.reportStep(Reports.java:80)at com.volvo.automation.commonutilities.CommonWrapperMethods.takeSnap(CommonWrapperMethods.java:866)at com.volvo.reports.Reports.reportStep(Reports.java:80)at com.volvo.automation.commonutilities.CommonWrapperMethods.takeSnap(CommonWrapperMethods.java:866)at com.volvo.reports.Reports.reportStep(Reports.java:80)at com.volvo.automation.commonutilities.CommonWrapperMethods.takeSnap(CommonWrapperMethods.java:866)at com.volvo.reports.Reports.reportStep(Reports.java:80)at com.volvo.automation.commonutilities.CommonWrapperMethods.takeSnap(CommonWrapperMethods.java:866)at com.volvo.reports.Reports.reportStep(Reports.java:80)at com.volvo.automation.commonutilities.CommonWrapperMethods.takeSnap(CommonWrapperMethods.java:866)at com.volvo.reports.Reports.reportStep(Reports.java:80)at com.volvo.automation.commonutilities.CommonWrapperMethods.takeSnap(CommonWrapperMethods.java:866)at com.volvo.reports.Reports.reportStep(Reports.java:80)at com.volvo.automation.commonutilities.CommonWrapperMethods.takeSnap(CommonWrapperMethods.java:866)at com.volvo.reports.Reports.reportStep(Reports.java:80)at com.volvo.automation.commonutilities.CommonWrapperMethods.takeSnap(CommonWrapperMethods.java:866)at com.volvo.reports.Reports.reportStep(Reports.java:80)at com.volvo.automation.commonutilities.CommonWrapperMethods.takeSnap(CommonWrapperMethods.java:866)at com.volvo.reports.Reports.reportStep(Reports.java:80)at com.volvo.automation.commonutilities.CommonWrapperMethods.takeSnap(CommonWrapperMethods.java:866)at com.volvo.reports.Reports.reportStep(Reports.java:80)at com.volvo.automation.commonutilities.CommonWrapperMethods.takeSnap(CommonWrapperMethods.java:866)at com.volvo.reports.Reports.reportStep(Reports.java:80)at com.volvo.automation.commonutilities.CommonWrapperMethods.takeSnap(CommonWrapperMethods.java:866)at com.volvo.reports.Reports.reportStep(Reports.java:80)at com.volvo.automation.commonutilities.CommonWrapperMethods.takeSnap(CommonWrapperMethods.java:866)at com.volvo.reports.Reports.reportStep(Reports.java:80)at com.volvo.automation.commonutilities.CommonWrapperMethods.takeSnap(CommonWrapperMethods.java:866)at com.volvo.reports.Reports.reportStep(Reports.java:80)at com.volvo.automation.commonutilities.CommonWrapperMethods.takeSnap(CommonWrapperMethods.java:866)at com.volvo.reports.Reports.reportStep(Reports.java:80)at com.volvo.automation.commonutilities.CommonWrapperMethods.takeSnap(CommonWrapperMethods.java:866)at com.volvo.reports.Reports.reportStep(Reports.java:80)at com.volvo.automation.commonutilities.CommonWrapperMethods.takeSnap(CommonWrapperMethods.java:866)at com.volvo.reports.Reports.reportStep(Reports.java:80)at com.volvo.automation.commonutilities.CommonWrapperMethods.takeSnap(CommonWrapperMethods.java:866)at com.volvo.reports.Reports.reportStep(Reports.java:80)at com.volvo.automation.commonutilities.CommonWrapperMethods.takeSnap(CommonWrapperMethods.java:866)at com.volvo.reports.Reports.reportStep(Reports.java:80)at com.volvo.automation.commonutilities.CommonWrapperMethods.takeSnap(CommonWrapperMethods.java:866)at com.volvo.reports.Reports.reportStep(Reports.java:80)at com.volvo.automation.commonutilities.CommonWrapperMethods.takeSnap(CommonWrapperMethods.java:866)at com.volvo.reports.Reports.reportStep(Reports.java:80)at com.volvo.automation.commonutilities.CommonWrapperMethods.takeSnap(CommonWrapperMethods.java:866)at com.volvo.reports.Reports.reportStep(Reports.java:80)at com.volvo.automation.commonutilities.CommonWrapperMethods.takeSnap(CommonWrapperMethods.java:866)at com.volvo.reports.Reports.reportStep(Reports.java:80)at com.volvo.automation.commonutilities.CommonWrapperMethods.takeSnap(CommonWrapperMethods.java:866)at com.volvo.reports.Reports.reportStep(Reports.java:80)at com.volvo.automation.commonutilities.CommonWrapperMethods.takeSnap(CommonWrapperMethods.java:866)at com.volvo.reports.Reports.reportStep(Reports.java:80)at com.volvo.automation.commonutilities.CommonWrapperMethods.takeSnap(CommonWrapperMethods.java:866)at com.volvo.reports.Reports.reportStep(Reports.java:80)at com.volvo.automation.commonutilities.CommonWrapperMethods.takeSnap(CommonWrapperMethods.java:866)at com.volvo.reports.Reports.reportStep(Reports.java:80)at com.volvo.automation.commonutilities.CommonWrapperMethods.takeSnap(CommonWrapperMethods.java:866)at com.volvo.reports.Reports.reportStep(Reports.java:80)at com.volvo.automation.commonutilities.CommonWrapperMethods.takeSnap(CommonWrapperMethods.java:866)at com.volvo.reports.Reports.reportStep(Reports.java:80)at com.volvo.automation.commonutilities.CommonWrapperMethods.takeSnap(CommonWrapperMethods.java:866)at com.volvo.reports.Reports.reportStep(Reports.java:80)at com.volvo.automation.commonutilities.CommonWrapperMethods.takeSnap(CommonWrapperMethods.java:866)at com.volvo.reports.Reports.reportStep(Reports.java:80)at com.volvo.automation.commonutilities.CommonWrapperMethods.takeSnap(CommonWrapperMethods.java:866)at com.volvo.reports.Reports.reportStep(Reports.java:80)at com.volvo.automation.commonutilities.CommonWrapperMethods.takeSnap(CommonWrapperMethods.java:866)at com.volvo.reports.Reports.reportStep(Reports.java:80)at com.volvo.automation.commonutilities.CommonWrapperMethods.takeSnap(CommonWrapperMethods.java:866)at com.volvo.reports.Reports.reportStep(Reports.java:80)at com.volvo.automation.commonutilities.CommonWrapperMethods.takeSnap(CommonWrapperMethods.java:866)at com.volvo.reports.Reports.reportStep(Reports.java:80)at com.volvo.automation.commonutilities.CommonWrapperMethods.takeSnap(CommonWrapperMethods.java:866)at com.volvo.reports.Reports.reportStep(Reports.java:80)at com.volvo.automation.commonutilities.CommonWrapperMethods.takeSnap(CommonWrapperMethods.java:866)at com.volvo.reports.Reports.reportStep(Reports.java:80)at com.volvo.automation.commonutilities.CommonWrapperMethods.takeSnap(CommonWrapperMethods.java:866)at com.volvo.reports.Reports.reportStep(Reports.java:80)at com.volvo.automation.commonutilities.CommonWrapperMethods.takeSnap(CommonWrapperMethods.java:866)at com.volvo.reports.Reports.reportStep(Reports.java:80)at com.volvo.automation.commonutilities.CommonWrapperMethods.takeSnap(CommonWrapperMethods.java:866)at com.volvo.reports.Reports.reportStep(Reports.java:80)at com.volvo.automation.commonutilities.CommonWrapperMethods.takeSnap(CommonWrapperMethods.java:866)at com.volvo.reports.Reports.reportStep(Reports.java:80)at com.volvo.automation.commonutilities.CommonWrapperMethods.takeSnap(CommonWrapperMethods.java:866)at com.volvo.reports.Reports.reportStep(Reports.java:80)at com.volvo.automation.commonutilities.CommonWrapperMethods.takeSnap(CommonWrapperMethods.java:866)at com.volvo.reports.Reports.reportStep(Reports.java:80)at com.volvo.automation.commonutilities.CommonWrapperMethods.takeSnap(CommonWrapperMethods.java:866)at com.volvo.reports.Reports.reportStep(Reports.java:80)at com.volvo.automation.commonutilities.CommonWrapperMethods.takeSnap(CommonWrapperMethods.java:866)at com.volvo.reports.Reports.reportStep(Reports.java:80)at com.volvo.automation.commonutilities.CommonWrapperMethods.takeSnap(CommonWrapperMethods.java:866)at com.volvo.reports.Reports.reportStep(Reports.java:80)at com.volvo.automation.commonutilities.CommonWrapperMethods.takeSnap(CommonWrapperMethods.java:866)at com.volvo.reports.Reports.reportStep(Reports.java:80)at com.volvo.automation.commonutilities.CommonWrapperMethods.takeSnap(CommonWrapperMethods.java:866)at com.volvo.reports.Reports.reportStep(Reports.java:80)at com.volvo.automation.commonutilities.CommonWrapperMethods.takeSnap(CommonWrapperMethods.java:866)at com.volvo.reports.Reports.reportStep(Reports.java:80)at com.volvo.automation.commonutilities.CommonWrapperMethods.takeSnap(CommonWrapperMethods.java:866)at com.volvo.reports.Reports.reportStep(Reports.java:80)at com.volvo.automation.commonutilities.CommonWrapperMethods.takeSnap(CommonWrapperMethods.java:866)at com.volvo.reports.Reports.reportStep(Reports.java:80)at com.volvo.automation.commonutilities.CommonWrapperMethods.takeSnap(CommonWrapperMethods.java:866)at com.volvo.reports.Reports.reportStep(Reports.java:80)at com.volvo.automation.commonutilities.CommonWrapperMethods.takeSnap(CommonWrapperMethods.java:866)at com.volvo.reports.Reports.reportStep(Reports.java:80)at com.volvo.automation.commonutilities.CommonWrapperMethods.takeSnap(CommonWrapperMethods.java:866)at com.volvo.reports.Reports.reportStep(Reports.java:80)at com.volvo.automation.commonutilities.CommonWrapperMethods.takeSnap(CommonWrapperMethods.java:866)at com.volvo.reports.Reports.reportStep(Reports.java:80)at com.volvo.automation.commonutilities.CommonWrapperMethods.takeSnap(CommonWrapperMethods.java:866)at com.volvo.reports.Reports.reportStep(Reports.java:80)at com.volvo.automation.commonutilities.CommonWrapperMethods.takeSnap(CommonWrapperMethods.java:866)at com.volvo.reports.Reports.reportStep(Reports.java:80)at com.volvo.automation.commonutilities.CommonWrapperMethods.takeSnap(CommonWrapperMethods.java:866)at com.volvo.reports.Reports.reportStep(Reports.java:80)at com.volvo.automation.commonutilities.CommonWrapperMethods.takeSnap(CommonWrapperMethods.java:866)at com.volvo.reports.Reports.reportStep(Reports.java:80)at com.volvo.automation.commonutilities.CommonWrapperMethods.takeSnap(CommonWrapperMethods.java:866)at com.volvo.reports.Reports.reportStep(Reports.java:80)at com.volvo.automation.commonutilities.CommonWrapperMethods.takeSnap(CommonWrapperMethods.java:866)at com.volvo.reports.Reports.reportStep(Reports.java:80)at com.volvo.automation.commonutilities.CommonWrapperMethods.takeSnap(CommonWrapperMethods.java:866)at com.volvo.reports.Reports.reportStep(Reports.java:80)at com.volvo.automation.commonutilities.CommonWrapperMethods.takeSnap(CommonWrapperMethods.java:866)at com.volvo.reports.Reports.reportStep(Reports.java:80)at com.volvo.automation.commonutilities.CommonWrapperMethods.takeSnap(CommonWrapperMethods.java:866)at com.volvo.reports.Reports.reportStep(Reports.java:80)at com.volvo.automation.commonutilities.CommonWrapperMethods.takeSnap(CommonWrapperMethods.java:866)at com.volvo.reports.Reports.reportStep(Reports.java:80)at com.volvo.automation.commonutilities.CommonWrapperMethods.takeSnap(CommonWrapperMethods.java:866)at com.volvo.reports.Reports.reportStep(Reports.java:80)at com.volvo.automation.commonutilities.CommonWrapperMethods.takeSnap(CommonWrapperMethods.java:866)at com.volvo.reports.Reports.reportStep(Reports.java:80)at com.volvo.automation.commonutilities.CommonWrapperMethods.takeSnap(CommonWrapperMethods.java:866)at com.volvo.reports.Reports.reportStep(Reports.java:80)at com.volvo.automation.commonutilities.CommonWrapperMethods.takeSnap(CommonWrapperMethods.java:866)at com.volvo.reports.Reports.reportStep(Reports.java:80)at com.volvo.automation.commonutilities.CommonWrapperMethods.takeSnap(CommonWrapperMethods.java:866)at com.volvo.reports.Reports.reportStep(Reports.java:80)at com.volvo.automation.commonutilities.CommonWrapperMethods.takeSnap(CommonWrapperMethods.java:866)at com.volvo.reports.Reports.reportStep(Reports.java:80)at com.volvo.automation.commonutilities.CommonWrapperMethods.takeSnap(CommonWrapperMethods.java:866)at com.volvo.reports.Reports.reportStep(Reports.java:80)at com.volvo.automation.commonutilities.CommonWrapperMethods.takeSnap(CommonWrapperMethods.java:866)at com.volvo.reports.Reports.reportStep(Reports.java:80)at com.volvo.automation.commonutilities.CommonWrapperMethods.takeSnap(CommonWrapperMethods.java:866)at com.volvo.reports.Reports.reportStep(Reports.java:80)at com.volvo.automation.commonutilities.CommonWrapperMethods.takeSnap(CommonWrapperMethods.java:866)at com.volvo.reports.Reports.reportStep(Reports.java:80)at com.volvo.automation.commonutilities.CommonWrapperMethods.takeSnap(CommonWrapperMethods.java:866)at com.volvo.reports.Reports.reportStep(Reports.java:80)at com.volvo.automation.commonutilities.CommonWrapperMethods.takeSnap(CommonWrapperMethods.java:866)at com.volvo.reports.Reports.reportStep(Reports.java:80)at com.volvo.automation.commonutilities.CommonWrapperMethods.takeSnap(CommonWrapperMethods.java:866)at com.volvo.reports.Reports.reportStep(Reports.java:80)at com.volvo.automation.commonutilities.CommonWrapperMethods.takeSnap(CommonWrapperMethods.java:866)at com.volvo.reports.Reports.reportStep(Reports.java:80)at com.volvo.automation.commonutilities.CommonWrapperMethods.takeSnap(CommonWrapperMethods.java:866)at com.volvo.reports.Reports.reportStep(Reports.java:80)at com.volvo.automation.commonutilities.CommonWrapperMethods.takeSnap(CommonWrapperMethods.java:866)at com.volvo.reports.Reports.reportStep(Reports.java:80)at com.volvo.automation.commonutilities.CommonWrapperMethods.takeSnap(CommonWrapperMethods.java:866)at com.volvo.reports.Reports.reportStep(Reports.java:80)at com.volvo.automation.commonutilities.CommonWrapperMethods.takeSnap(CommonWrapperMethods.java:866)at com.volvo.reports.Reports.reportStep(Reports.java:80)at com.volvo.automation.commonutilities.CommonWrapperMethods.takeSnap(CommonWrapperMethods.java:866)at com.volvo.reports.Reports.reportStep(Reports.java:80)at com.volvo.automation.commonutilities.CommonWrapperMethods.takeSnap(CommonWrapperMethods.java:866)at com.volvo.reports.Reports.reportStep(Reports.java:80)at com.volvo.automation.commonutilities.CommonWrapperMethods.takeSnap(CommonWrapperMethods.java:866)at com.volvo.reports.Reports.reportStep(Reports.java:80)at com.volvo.automation.commonutilities.CommonWrapperMethods.takeSnap(CommonWrapperMethods.java:866)at com.volvo.reports.Reports.reportStep(Reports.java:80)at com.volvo.automation.commonutilities.CommonWrapperMethods.takeSnap(CommonWrapperMethods.java:866)at com.volvo.reports.Reports.reportStep(Reports.java:80)at com.volvo.automation.commonutilities.CommonWrapperMethods.takeSnap(CommonWrapperMethods.java:866)at com.volvo.reports.Reports.reportStep(Reports.java:80)at com.volvo.automation.commonutilities.CommonWrapperMethods.takeSnap(CommonWrapperMethods.java:866)at com.volvo.reports.Reports.reportStep(Reports.java:80)at com.volvo.automation.commonutilities.CommonWrapperMethods.takeSnap(CommonWrapperMethods.java:866)at com.volvo.reports.Reports.reportStep(Reports.java:80)at com.volvo.automation.commonutilities.CommonWrapperMethods.takeSnap(CommonWrapperMethods.java:866)at com.volvo.reports.Reports.reportStep(Reports.java:80)at com.volvo.automation.commonutilities.CommonWrapperMethods.takeSnap(CommonWrapperMethods.java:866)at com.volvo.reports.Reports.reportStep(Reports.java:80)at com.volvo.automation.commonutilities.CommonWrapperMethods.takeSnap(CommonWrapperMethods.java:866)at com.volvo.reports.Reports.reportStep(Reports.java:80)at com.volvo.automation.commonutilities.CommonWrapperMethods.takeSnap(CommonWrapperMethods.java:866)at com.volvo.reports.Reports.reportStep(Reports.java:80)at com.volvo.automation.commonutilities.CommonWrapperMethods.takeSnap(CommonWrapperMethods.java:866)at com.volvo.reports.Reports.reportStep(Reports.java:80)at com.volvo.automation.commonutilities.CommonWrapperMethods.takeSnap(CommonWrapperMethods.java:866)at com.volvo.reports.Reports.reportStep(Reports.java:80)at com.volvo.automation.commonutilities.CommonWrapperMethods.takeSnap(CommonWrapperMethods.java:866)at com.volvo.reports.Reports.reportStep(Reports.java:80)at com.volvo.automation.commonutilities.CommonWrapperMethods.takeSnap(CommonWrapperMethods.java:866)at com.volvo.reports.Reports.reportStep(Reports.java:80)at com.volvo.automation.commonutilities.CommonWrapperMethods.takeSnap(CommonWrapperMethods.java:866)at com.volvo.reports.Reports.reportStep(Reports.java:80)at com.volvo.automation.commonutilities.CommonWrapperMethods.takeSnap(CommonWrapperMethods.java:866)at com.volvo.reports.Reports.reportStep(Reports.java:80)at com.volvo.automation.commonutilities.CommonWrapperMethods.takeSnap(CommonWrapperMethods.java:866)at com.volvo.reports.Reports.reportStep(Reports.java:80)at com.volvo.automation.commonutilities.CommonWrapperMethods.takeSnap(CommonWrapperMethods.java:866)at com.volvo.reports.Reports.reportStep(Reports.java:80)at com.volvo.automation.commonutilities.CommonWrapperMethods.takeSnap(CommonWrapperMethods.java:866)at com.volvo.reports.Reports.reportStep(Reports.java:80)at com.volvo.automation.commonutilities.CommonWrapperMethods.takeSnap(CommonWrapperMethods.java:866)at com.volvo.reports.Reports.reportStep(Reports.java:80)at com.volvo.automation.commonutilities.CommonWrapperMethods.takeSnap(CommonWrapperMethods.java:866)at com.volvo.reports.Reports.reportStep(Reports.java:80)at com.volvo.automation.commonutilities.CommonWrapperMethods.takeSnap(CommonWrapperMethods.java:866)at com.volvo.reports.Reports.reportStep(Reports.java:80)at com.volvo.automation.commonutilities.CommonWrapperMethods.takeSnap(CommonWrapperMethods.java:866)at com.volvo.reports.Reports.reportStep(Reports.java:80)at com.volvo.automation.commonutilities.CommonWrapperMethods.takeSnap(CommonWrapperMethods.java:866)at com.volvo.reports.Reports.reportStep(Reports.java:80)at com.volvo.automation.commonutilities.CommonWrapperMethods.takeSnap(CommonWrapperMethods.java:866)at com.volvo.reports.Reports.reportStep(Reports.java:80)at com.volvo.automation.commonutilities.CommonWrapperMethods.takeSnap(CommonWrapperMethods.java:866)at com.volvo.reports.Reports.reportStep(Reports.java:80)at com.volvo.automation.commonutilities.CommonWrapperMethods.takeSnap(CommonWrapperMethods.java:866)at com.volvo.reports.Reports.reportStep(Reports.java:80)at com.volvo.automation.commonutilities.CommonWrapperMethods.takeSnap(CommonWrapperMethods.java:866)at com.volvo.reports.Reports.reportStep(Reports.java:80)at com.volvo.automation.commonutilities.CommonWrapperMethods.takeSnap(CommonWrapperMethods.java:866)at com.volvo.reports.Reports.reportStep(Reports.java:80)at com.volvo.automation.commonutilities.CommonWrapperMethods.takeSnap(CommonWrapperMethods.java:866)at com.volvo.reports.Reports.reportStep(Reports.java:80)at com.volvo.automation.commonutilities.CommonWrapperMethods.takeSnap(CommonWrapperMethods.java:866)at com.volvo.reports.Reports.reportStep(Reports.java:80)at com.volvo.automation.commonutilities.CommonWrapperMethods.takeSnap(CommonWrapperMethods.java:866)at com.volvo.reports.Reports.reportStep(Reports.java:80)at com.volvo.automation.commonutilities.CommonWrapperMethods.takeSnap(CommonWrapperMethods.java:866)at com.volvo.reports.Reports.reportStep(Reports.java:80)at com.volvo.automation.commonutilities.CommonWrapperMethods.takeSnap(CommonWrapperMethods.java:866)at com.volvo.reports.Reports.reportStep(Reports.java:80)at com.volvo.automation.commonutilities.CommonWrapperMethods.takeSnap(CommonWrapperMethods.java:866)at com.volvo.reports.Reports.reportStep(Reports.java:80)at com.volvo.automation.commonutilities.CommonWrapperMethods.takeSnap(CommonWrapperMethods.java:866)at com.volvo.reports.Reports.reportStep(Reports.java:80)at com.volvo.automation.commonutilities.CommonWrapperMethods.takeSnap(CommonWrapperMethods.java:866)at com.volvo.reports.Reports.reportStep(Reports.java:80)at com.volvo.automation.commonutilities.CommonWrapperMethods.takeSnap(CommonWrapperMethods.java:866)at com.volvo.reports.Reports.reportStep(Reports.java:80)at com.volvo.automation.commonutilities.CommonWrapperMethods.takeSnap(CommonWrapperMethods.java:866)at com.volvo.reports.Reports.reportStep(Reports.java:80)at com.volvo.automation.commonutilities.CommonWrapperMethods.takeSnap(CommonWrapperMethods.java:866)at com.volvo.reports.Reports.reportStep(Reports.java:80)at com.volvo.automation.commonutilities.CommonWrapperMethods.takeSnap(CommonWrapperMethods.java:866)at com.volvo.reports.Reports.reportStep(Reports.java:80)at com.volvo.automation.commonutilities.CommonWrapperMethods.takeSnap(CommonWrapperMethods.java:866)at com.volvo.reports.Reports.reportStep(Reports.java:80)at com.volvo.automation.commonutilities.CommonWrapperMethods.takeSnap(CommonWrapperMethods.java:866)at com.volvo.reports.Reports.reportStep(Reports.java:80)at com.volvo.automation.commonutilities.CommonWrapperMethods.takeSnap(CommonWrapperMethods.java:866)at com.volvo.reports.Reports.reportStep(Reports.java:80)at com.volvo.automation.commonutilities.CommonWrapperMethods.takeSnap(CommonWrapperMethods.java:866)at com.volvo.reports.Reports.reportStep(Reports.java:80)at com.volvo.automation.commonutilities.CommonWrapperMethods.takeSnap(CommonWrapperMethods.java:866)at com.volvo.reports.Reports.reportStep(Reports.java:80)at com.volvo.automation.commonutilities.CommonWrapperMethods.takeSnap(CommonWrapperMethods.java:866)at com.volvo.reports.Reports.reportStep(Reports.java:80)at com.volvo.automation.commonutilities.CommonWrapperMethods.takeSnap(CommonWrapperMethods.java:866)at com.volvo.reports.Reports.reportStep(Reports.java:80)at com.volvo.automation.commonutilities.CommonWrapperMethods.takeSnap(CommonWrapperMethods.java:866)at com.volvo.reports.Reports.reportStep(Reports.java:80)at com.volvo.automation.commonutilities.CommonWrapperMethods.takeSnap(CommonWrapperMethods.java:866)at com.volvo.reports.Reports.reportStep(Reports.java:80)at com.volvo.automation.commonutilities.CommonWrapperMethods.takeSnap(CommonWrapperMethods.java:866)at com.volvo.reports.Reports.reportStep(Reports.java:80)at com.volvo.automation.commonutilities.CommonWrapperMethods.takeSnap(CommonWrapperMethods.java:866)at com.volvo.reports.Reports.reportStep(Reports.java:80)at com.volvo.automation.commonutilities.CommonWrapperMethods.takeSnap(CommonWrapperMethods.java:866)at com.volvo.reports.Reports.reportStep(Reports.java:80)at com.volvo.automation.commonutilities.CommonWrapperMethods.takeSnap(CommonWrapperMethods.java:866)at com.volvo.reports.Reports.reportStep(Reports.java:80)at com.volvo.automation.commonutilities.CommonWrapperMethods.takeSnap(CommonWrapperMethods.java:866)at com.volvo.reports.Reports.reportStep(Reports.java:80)at com.volvo.automation.commonutilities.CommonWrapperMethods.takeSnap(CommonWrapperMethods.java:866)at com.volvo.reports.Reports.reportStep(Reports.java:80)at com.volvo.automation.commonutilities.CommonWrapperMethods.takeSnap(CommonWrapperMethods.java:866)at com.volvo.reports.Reports.reportStep(Reports.java:80)at com.volvo.automation.commonutilities.CommonWrapperMethods.takeSnap(CommonWrapperMethods.java:866)at com.volvo.reports.Reports.reportStep(Reports.java:80)at com.volvo.automation.commonutilities.CommonWrapperMethods.takeSnap(CommonWrapperMethods.java:866)at com.volvo.reports.Reports.reportStep(Reports.java:80)at com.volvo.automation.commonutilities.CommonWrapperMethods.takeSnap(CommonWrapperMethods.java:866)at com.volvo.reports.Reports.reportStep(Reports.java:80)at com.volvo.automation.commonutilities.CommonWrapperMethods.takeSnap(CommonWrapperMethods.java:866)at com.volvo.reports.Reports.reportStep(Reports.java:80)at com.volvo.automation.commonutilities.CommonWrapperMethods.takeSnap(CommonWrapperMethods.java:866)at com.volvo.reports.Reports.reportStep(Reports.java:80)at com.volvo.automation.commonutilities.CommonWrapperMethods.takeSnap(CommonWrapperMethods.java:866)at com.volvo.reports.Reports.reportStep(Reports.java:80)at com.volvo.automation.commonutilities.CommonWrapperMethods.takeSnap(CommonWrapperMethods.java:866)at com.volvo.reports.Reports.reportStep(Reports.java:80)at com.volvo.automation.commonutilities.CommonWrapperMethods.takeSnap(CommonWrapperMethods.java:866)at com.volvo.reports.Reports.reportStep(Reports.java:80)at com.volvo.automation.commonutilities.CommonWrapperMethods.takeSnap(CommonWrapperMethods.java:866)at com.volvo.reports.Reports.reportStep(Reports.java:80)at com.volvo.automation.commonutilities.CommonWrapperMethods.takeSnap(CommonWrapperMethods.java:866)at com.volvo.reports.Reports.reportStep(Reports.java:80)at com.volvo.automation.commonutilities.CommonWrapperMethods.takeSnap(CommonWrapperMethods.java:866)at com.volvo.reports.Reports.reportStep(Reports.java:80)at com.volvo.automation.commonutilities.CommonWrapperMethods.takeSnap(CommonWrapperMethods.java:866)at com.volvo.reports.Reports.reportStep(Reports.java:80)at com.volvo.automation.commonutilities.CommonWrapperMethods.takeSnap(CommonWrapperMethods.java:866)at com.volvo.reports.Reports.reportStep(Reports.java:80)at com.volvo.automation.commonutilities.CommonWrapperMethods.takeSnap(CommonWrapperMethods.java:866)at com.volvo.reports.Reports.reportStep(Reports.java:80)at com.volvo.automation.commonutilities.CommonWrapperMethods.takeSnap(CommonWrapperMethods.java:866)at com.volvo.reports.Reports.reportStep(Reports.java:80)at com.volvo.automation.commonutilities.CommonWrapperMethods.takeSnap(CommonWrapperMethods.java:866)at com.volvo.reports.Reports.reportStep(Reports.java:80)at com.volvo.automation.commonutilities.CommonWrapperMethods.takeSnap(CommonWrapperMethods.java:866)at com.volvo.reports.Reports.reportStep(Reports.java:80)at com.volvo.automation.commonutilities.CommonWrapperMethods.takeSnap(CommonWrapperMethods.java:866)at com.volvo.reports.Reports.reportStep(Reports.java:80)at com.volvo.automation.commonutilities.CommonWrapperMethods.takeSnap(CommonWrapperMethods.java:866)at com.volvo.reports.Reports.reportStep(Reports.java:80)at com.volvo.automation.commonutilities.CommonWrapperMethods.takeSnap(CommonWrapperMethods.java:866)at com.volvo.reports.Reports.reportStep(Reports.java:80)at com.volvo.automation.commonutilities.CommonWrapperMethods.takeSnap(CommonWrapperMethods.java:866)at com.volvo.reports.Reports.reportStep(Reports.java:80)at com.volvo.automation.commonutilities.CommonWrapperMethods.takeSnap(CommonWrapperMethods.java:866)at com.volvo.reports.Reports.reportStep(Reports.java:80)at com.volvo.automation.commonutilities.CommonWrapperMethods.takeSnap(CommonWrapperMethods.java:866)at com.volvo.reports.Reports.reportStep(Reports.java:80)at com.volvo.automation.commonutilities.CommonWrapperMethods.takeSnap(CommonWrapperMethods.java:866)at com.volvo.reports.Reports.reportStep(Reports.java:80)at com.volvo.automation.commonutilities.CommonWrapperMethods.takeSnap(CommonWrapperMethods.java:866)at com.volvo.reports.Reports.reportStep(Reports.java:80)at com.volvo.automation.commonutilities.CommonWrapperMethods.takeSnap(CommonWrapperMethods.java:866)at com.volvo.reports.Reports.reportStep(Reports.java:80)at com.volvo.automation.commonutilities.CommonWrapperMethods.takeSnap(CommonWrapperMethods.java:866)at com.volvo.reports.Reports.reportStep(Reports.java:80)at com.volvo.automation.commonutilities.CommonWrapperMethods.takeSnap(CommonWrapperMethods.java:866)at com.volvo.reports.Reports.reportStep(Reports.java:80)at com.volvo.automation.commonutilities.CommonWrapperMethods.takeSnap(CommonWrapperMethods.java:866)at com.volvo.reports.Reports.reportStep(Reports.java:80)at com.volvo.automation.commonutilities.CommonWrapperMethods.takeSnap(CommonWrapperMethods.java:866)at com.volvo.reports.Reports.reportStep(Reports.java:80)at com.volvo.automation.commonutilities.CommonWrapperMethods.takeSnap(CommonWrapperMethods.java:866)at com.volvo.reports.Reports.reportStep(Reports.java:80)at com.volvo.automation.commonutilities.CommonWrapperMethods.takeSnap(CommonWrapperMethods.java:866)at com.volvo.reports.Reports.reportStep(Reports.java:80)at com.volvo.automation.commonutilities.CommonWrapperMethods.takeSnap(CommonWrapperMethods.java:866)at com.volvo.reports.Reports.reportStep(Reports.java:80)at com.volvo.automation.commonutilities.CommonWrapperMethods.takeSnap(CommonWrapperMethods.java:866)at com.volvo.reports.Reports.reportStep(Reports.java:80)at com.volvo.automation.commonutilities.CommonWrapperMethods.takeSnap(CommonWrapperMethods.java:866)at com.volvo.reports.Reports.reportStep(Reports.java:80)at com.volvo.automation.commonutilities.CommonWrapperMethods.takeSnap(CommonWrapperMethods.java:866)at com.volvo.reports.Reports.reportStep(Reports.java:80)at com.volvo.automation.commonutilities.CommonWrapperMethods.takeSnap(CommonWrapperMethods.java:866)at com.volvo.reports.Reports.reportStep(Reports.java:80)at com.volvo.automation.commonutilities.CommonWrapperMethods.takeSnap(CommonWrapperMethods.java:866)at com.volvo.reports.Reports.reportStep(Reports.java:80)at com.volvo.automation.commonutilities.CommonWrapperMethods.takeSnap(CommonWrapperMethods.java:866)at com.volvo.reports.Reports.reportStep(Reports.java:80)at com.volvo.automation.commonutilities.CommonWrapperMethods.takeSnap(CommonWrapperMethods.java:866)at com.volvo.reports.Reports.reportStep(Reports.java:80)at com.volvo.automation.commonutilities.CommonWrapperMethods.takeSnap(CommonWrapperMethods.java:866)at com.volvo.reports.Reports.reportStep(Reports.java:80)at com.volvo.automation.commonutilities.CommonWrapperMethods.takeSnap(CommonWrapperMethods.java:866)at com.volvo.reports.Reports.reportStep(Reports.java:80)at com.volvo.automation.commonutilities.CommonWrapperMethods.takeSnap(CommonWrapperMethods.java:866)at com.volvo.reports.Reports.reportStep(Reports.java:80)at com.volvo.automation.commonutilities.CommonWrapperMethods.takeSnap(CommonWrapperMethods.java:866)]]>
    </error>
  </testcase> <!-- TUGGER -->
  <testcase name="afterTest" time="0.036" classname="com.volvo.mfg.StepDefinition.DriverSuite">
    <error type="org.openqa.selenium.SessionNotCreatedException" message="Tried to run command without establishing a connection
Build info: version: &#039;3.8.1&#039;, revision: &#039;6e95a6684b&#039;, time: &#039;2017-12-01T18:33:54.468Z&#039;
System info: host: &#039;GOT500VI73546&#039;, ip: &#039;10.244.215.254&#039;, os.name: &#039;Windows 7&#039;, os.arch: &#039;amd64&#039;, os.version: &#039;6.1&#039;, java.version: &#039;1.8.0_151&#039;
Driver info: org.openqa.selenium.firefox.FirefoxDriver
Capabilities {acceptInsecureCerts: true, browserName: firefox, browserVersion: 62.0.3, javascriptEnabled: true, moz:accessibilityChecks: false, moz:headless: false, moz:processID: 11884, moz:profile: C:\Users\RKALIYAP\AppData\L..., moz:useNonSpecCompliantPointerOrigin: false, moz:webdriverClick: true, pageLoadStrategy: normal, platform: XP, platformName: XP, platformVersion: 6.1, rotatable: false, timeouts: {implicit: 0, pageLoad: 300000, script: 30000}}
Session ID: 55cb45fd-0932-4d0c-b85d-930847a486db">
      <![CDATA[org.openqa.selenium.SessionNotCreatedException: Tried to run command without establishing a connectionBuild info: version: '3.8.1', revision: '6e95a6684b', time: '2017-12-01T18:33:54.468Z'System info: host: 'GOT500VI73546', ip: '10.244.215.254', os.name: 'Windows 7', os.arch: 'amd64', os.version: '6.1', java.version: '1.8.0_151'Driver info: org.openqa.selenium.firefox.FirefoxDriverCapabilities {acceptInsecureCerts: true, browserName: firefox, browserVersion: 62.0.3, javascriptEnabled: true, moz:accessibilityChecks: false, moz:headless: false, moz:processID: 11884, moz:profile: C:\Users\RKALIYAP\AppData\L..., moz:useNonSpecCompliantPointerOrigin: false, moz:webdriverClick: true, pageLoadStrategy: normal, platform: XP, platformName: XP, platformVersion: 6.1, rotatable: false, timeouts: {implicit: 0, pageLoad: 300000, script: 30000}}Session ID: 55cb45fd-0932-4d0c-b85d-930847a486dbat sun.reflect.GeneratedConstructorAccessor62.newInstance(Unknown Source)at sun.reflect.DelegatingConstructorAccessorImpl.newInstance(DelegatingConstructorAccessorImpl.java:45)at java.lang.reflect.Constructor.newInstance(Constructor.java:423)at org.openqa.selenium.remote.http.W3CHttpResponseCodec.createException(W3CHttpResponseCodec.java:187)at org.openqa.selenium.remote.http.W3CHttpResponseCodec.decode(W3CHttpResponseCodec.java:122)at org.openqa.selenium.remote.http.W3CHttpResponseCodec.decode(W3CHttpResponseCodec.java:49)at org.openqa.selenium.remote.HttpCommandExecutor.execute(HttpCommandExecutor.java:164)at org.openqa.selenium.remote.service.DriverCommandExecutor.execute(DriverCommandExecutor.java:83)at org.openqa.selenium.remote.RemoteWebDriver.execute(RemoteWebDriver.java:601)at org.openqa.selenium.remote.RemoteWebDriver.execute(RemoteWebDriver.java:658)at org.openqa.selenium.remote.RemoteWebDriver.quit(RemoteWebDriver.java:497)at com.volvo.mfg.StepDefinition.BaseTest.afterTest(BaseTest.java:84)at sun.reflect.NativeMethodAccessorImpl.invoke0(Native Method)at sun.reflect.NativeMethodAccessorImpl.invoke(NativeMethodAccessorImpl.java:62)at sun.reflect.DelegatingMethodAccessorImpl.invoke(DelegatingMethodAccessorImpl.java:43)at java.lang.reflect.Method.invoke(Method.java:498)at org.testng.internal.MethodInvocationHelper.invokeMethod(MethodInvocationHelper.java:124)at org.testng.internal.MethodInvocationHelper.invokeMethodConsideringTimeout(MethodInvocationHelper.java:59)at org.testng.internal.Invoker.invokeConfigurationMethod(Invoker.java:451)at org.testng.internal.Invoker.invokeConfigurations(Invoker.java:222)at org.testng.internal.Invoker.invokeConfigurations(Invoker.java:142)at org.testng.TestRunner.afterRun(TestRunner.java:725)at org.testng.TestRunner.run(TestRunner.java:509)at org.testng.SuiteRunner.runTest(SuiteRunner.java:455)at org.testng.SuiteRunner.runSequentially(SuiteRunner.java:450)at org.testng.SuiteRunner.privateRun(SuiteRunner.java:415)at org.testng.SuiteRunner.run(SuiteRunner.java:364)at org.testng.SuiteRunnerWorker.runSuite(SuiteRunnerWorker.java:52)at org.testng.SuiteRunnerWorker.run(SuiteRunnerWorker.java:84)at org.testng.TestNG.runSuitesSequentially(TestNG.java:1187)at org.testng.TestNG.runSuitesLocally(TestNG.java:1116)at org.testng.TestNG.runSuites(TestNG.java:1028)at org.testng.TestNG.run(TestNG.java:996)at org.apache.maven.surefire.testng.TestNGExecutor.run(TestNGExecutor.java:281)at org.apache.maven.surefire.testng.TestNGXmlTestSuite.execute(TestNGXmlTestSuite.java:75)at org.apache.maven.surefire.testng.TestNGProvider.invoke(TestNGProvider.java:121)at org.apache.maven.surefire.booter.ForkedBooter.invokeProviderInSameClassLoader(ForkedBooter.java:290)at org.apache.maven.surefire.booter.ForkedBooter.runSuitesInProcess(ForkedBooter.java:242)at org.apache.maven.surefire.booter.ForkedBooter.main(ForkedBooter.java:121)]]>
    </error>
  </testcase> <!-- afterTest -->
  <testcase name="TEST_PRINTER" time="6.948" classname="com.volvo.mfg.StepDefinition.DriverSuite"/>
  <testcase name="ADMIN_SCANNEDGOODS" time="40.270" classname="com.volvo.mfg.StepDefinition.DriverSuite"/>
  <testcase name="ADMIN_MANAGEALARMIDS" time="46.814" classname="com.volvo.mfg.StepDefinition.DriverSuite"/>
  <testcase name="ADMIN_SHOWTASK" time="128.673" classname="com.volvo.mfg.StepDefinition.DriverSuite"/>
</testsuite> <!-- com.volvo.mfg.StepDefinition.DriverSuite -->
