<?xml version="1.0" encoding="UTF-8"?>
<!-- Generated by org.testng.reporters.JUnitReportReporter -->
<testsuite hostname="ATRAMYAKP" name="com.demo.gmai.loginflow.LogoutUserFlow" tests="1" failures="0" timestamp="20 Dec 2016 07:41:33 GMT" time="20.728" errors="0">
  <testcase name="checkLogout" time="20.728" classname="com.demo.gmai.loginflow.LogoutUserFlow"/>
</testsuite> <!-- com.demo.gmai.loginflow.LogoutUserFlow -->
