<?xml version="1.0" encoding="UTF-8"?>
<!-- Generated by org.testng.reporters.JUnitReportReporter -->
<testsuite hostname="ATRAMYAKP" name="com.demo.gmai.loginflow.RegisteredLoginUserFlow" tests="2" failures="0" timestamp="20 Dec 2016 08:17:47 GMT" time="6.510" errors="0">
  <testcase name="checkLogoutUser" time="5.386" classname="com.demo.gmai.loginflow.RegisteredLoginUserFlow"/>
  <testcase name="checkLoginUser" time="1.124" classname="com.demo.gmai.loginflow.RegisteredLoginUserFlow"/>
</testsuite> <!-- com.demo.gmai.loginflow.RegisteredLoginUserFlow -->
