<?xml version="1.0" encoding="UTF-8"?>
<!-- Generated by org.testng.reporters.JUnitReportReporter -->
<testsuite hostname="ATRAMYAKP" name="com.object.test.app.DriverApp" tests="1" failures="0" timestamp="20 Dec 2016 06:12:54 GMT" time="26.881" errors="0">
  <testcase name="testApp" time="26.881" classname="com.object.test.app.DriverApp"/>
</testsuite> <!-- com.object.test.app.DriverApp -->
