<?xml version="1.0" encoding="UTF-8"?>
<!-- Generated by org.testng.reporters.JUnitReportReporter -->
<testsuite hostname="ATRAMYAKP" name="com.demo.tests.LogoutTest" tests="1" failures="0" timestamp="19 Dec 2016 07:00:16 GMT" time="9.273" errors="0">
  <testcase name="doLogout" time="9.273" classname="com.demo.tests.LogoutTest"/>
</testsuite> <!-- com.demo.tests.LogoutTest -->
