<?xml version="1.0" encoding="UTF-8"?>
<!-- Generated by org.testng.reporters.JUnitReportReporter -->
<testsuite hostname="ATRAMYAKP" name="com.demo.tests.LoginTest" tests="1" failures="0" timestamp="19 Dec 2016 07:00:16 GMT" time="2.353" errors="0">
  <testcase name="doLogin" time="2.353" classname="com.demo.tests.LoginTest"/>
</testsuite> <!-- com.demo.tests.LoginTest -->
