<?xml version="1.0" encoding="UTF-8"?>
<!-- Generated by org.testng.reporters.JUnitReportReporter -->
<testsuite hostname="VITRAMYAK" name="com.specomm.adidas.pricevalidation.PriceValidation" tests="1" failures="0" timestamp="17 Aug 2016 10:02:58 GMT" time="277.100" errors="0">
  <testcase name="priceValidate" time="277.100" classname="com.specomm.adidas.pricevalidation.PriceValidation"/>
</testsuite> <!-- com.specomm.adidas.pricevalidation.PriceValidation -->
